#
# A fatal error has been detected by the Java Runtime Environment:
#
#  SIGSEGV (0xb) at pc=0x00007f76d1d0714a, pid=2072, tid=0x00007f7697eb9700
#
# JRE version: Java(TM) SE Runtime Environment (8.0_131-b11) (build 1.8.0_131-b11)
# Java VM: Java HotSpot(TM) 64-Bit Server VM (25.131-b11 mixed mode linux-amd64 compressed oops)
# Problematic frame:
# V  [libjvm.so+0x6d414a]  jni_invoke_nonstatic(JNIEnv_*, JavaValue*, _jobject*, JNICallType, _jmethodID*, JNI_ArgumentPusher*, Thread*)+0x93a
#
# Failed to write core dump. Core dumps have been disabled. To enable core dumping, try "ulimit -c unlimited" before starting Java again
#
# If you would like to submit a bug report, please visit:
#   http://bugreport.java.com/bugreport/crash.jsp
#

---------------  T H R E A D  ---------------

Current thread (0x00007f76cc24c800):  JavaThread "JavaFX Application Thread" [_thread_in_vm, id=2087, stack(0x00007f7697db9000,0x00007f7697eba000)]

siginfo: si_signo: 11 (SIGSEGV), si_code: 1 (SEGV_MAPERR), si_addr: 0x0000000000000280

Registers:
RAX=0x0000000000000019, RBX=0x0000000000000005, RCX=0x0000000000000003, RDX=0x0000000000000000
RSP=0x00007f7697eb5810, RBP=0x00007f7697eb5990, RSI=0x00000001000a8668, RDI=0x00007f76cc24c9f8
R8 =0x0000000000000019, R9 =0x00007f7697eb59c0, R10=0x00007f76ac02fde0, R11=0x00007f76bd3cd3c0
R12=0x00007f76cc2002c4, R13=0x00007f76cc15f188, R14=0x0000000000000000, R15=0x00007f76cc162430
RIP=0x00007f76d1d0714a, EFLAGS=0x0000000000010246, CSGSFS=0x002b000000000033, ERR=0x0000000000000004
  TRAPNO=0x000000000000000e

Top of Stack: (sp=0x00007f7697eb5810)
0x00007f7697eb5810:   00007f7697eb5ee0 00007f7697eb5b30
0x00007f7697eb5820:   00007f7697eb5870 00007f7697eb58f0
0x00007f7697eb5830:   00007f7697eb59c0 00007f7697eb5a20
0x00007f7697eb5840:   00007f76cc24c9f8 00007f76d1d26350
0x00007f7697eb5850:   00007f76ac0010c0 00007f76ac001140
0x00007f7697eb5860:   00007f76ac0014a8 00000000000003d8
0x00007f7697eb5870:   00007f76cc1624e8 00000000e174b330
0x00007f7697eb5880:   00007f760000006f 00007f760000000a
0x00007f7697eb5890:   00000000e1a229b0 00007f7600000000
0x00007f7697eb58a0:   0000000000000000 ffffffffff000000
0x00007f7697eb58b0:   00007f76bccecaf0 0000000100000100
0x00007f7697eb58c0:   00007f76bcd1f748 00007f7697eb5878
0x00007f7697eb58d0:   00007f7697eb58b9 0000000800000005
0x00007f7697eb58e0:   00007f76bcd45e00 00007f76cc24d3d0
0x00007f7697eb58f0:   00007f76d2594790 00007f76d0796720
0x00007f7697eb5900:   00000000cc24d350 00007f76cc24c800
0x00007f7697eb5910:   0000000000000000 00007f76d1d06c1b
0x00007f7697eb5920:   00007f76bccf6be0 00007f76cc24c800
0x00007f7697eb5930:   00007f76bccf6be0 00007f76cc24c800
0x00007f7697eb5940:   00007f7697eb5ad0 00007f76bccf6be0
0x00007f7697eb5950:   00007f76bccf6be0 00007f76bccf6be0
0x00007f7697eb5960:   00007f76ac0010c0 00007f7697eb59c0
0x00007f7697eb5970:   00007f76cc24c800 00007f7697eb5a00
0x00007f7697eb5980:   00007f76cc15f188 00007f76cc24c9f8
0x00007f7697eb5990:   00007f7697eb5a80 00007f76d1d0afef
0x00007f7697eb59a0:   00007f76cc24c800 0000000000000000
0x00007f7697eb59b0:   00007f7697eb5a98 00007f76ac3a9428
0x00007f7697eb59c0:   00007f76d25953f0 00007f76d0796720
0x00007f7697eb59d0:   00000000cc1ddca0 00007f7600000063
0x00007f7697eb59e0:   0000000000000000 0000003000000018
0x00007f7697eb59f0:   00007f7697eb5b70 00007f7697eb5ab0
0x00007f7697eb5a00:   00007f76cc24c800 0000000000000000 

Instructions: (pc=0x00007f76d1d0714a)
0x00007f76d1d0712a:   f8 fe 0f 84 72 f7 ff ff 48 8b 05 b7 1c 8a 00 80
0x00007f76d1d0713a:   38 00 0f 85 ed 00 00 00 49 8b 54 24 08 49 63 c0
0x00007f76d1d0714a:   4c 8b ac c2 b8 01 00 00 e9 50 f7 ff ff 66 0f 1f
0x00007f76d1d0715a:   84 00 00 00 00 00 e8 7b b8 1d 00 89 c0 48 8d 14 

Register to memory mapping:

RAX=0x0000000000000019 is an unknown value
RBX=0x0000000000000005 is an unknown value
RCX=0x0000000000000003 is an unknown value
RDX=0x0000000000000000 is an unknown value
RSP=0x00007f7697eb5810 is pointing into the stack for thread: 0x00007f76cc24c800
RBP=0x00007f7697eb5990 is pointing into the stack for thread: 0x00007f76cc24c800
RSI=0x00000001000a8668 is pointing into metadata
RDI=0x00007f76cc24c9f8 is an unknown value
R8 =0x0000000000000019 is an unknown value
R9 =0x00007f7697eb59c0 is pointing into the stack for thread: 0x00007f76cc24c800
R10=0x00007f76ac02fde0 is an unknown value
R11=0x00007f76bd3cd3c0 is at entry_point+32 in (nmethod*)0x00007f76bd3cd250
R12=0x00007f76cc2002c4 is an unknown value
R13=0x00007f76cc15f188 is an unknown value
R14=0x0000000000000000 is an unknown value
R15=0x00007f76cc162430 is an unknown value


Stack: [0x00007f7697db9000,0x00007f7697eba000],  sp=0x00007f7697eb5810,  free space=1010k
Native frames: (J=compiled Java code, j=interpreted, Vv=VM code, C=native code)
V  [libjvm.so+0x6d414a]  jni_invoke_nonstatic(JNIEnv_*, JavaValue*, _jobject*, JNICallType, _jmethodID*, JNI_ArgumentPusher*, Thread*)+0x93a
V  [libjvm.so+0x6d7fef]  jni_CallVoidMethodV+0x10f
C  [libglass.so+0x18221]  JNIEnv_::CallVoidMethod(_jobject*, _jmethodID*, ...)+0x81
C  [libglass.so+0x1dbcf]  WindowContextBase::process_key(_GdkEventKey*)+0x20f
C  [libglass.so+0x1c0a0]  WindowContextBase::im_filter_keypress(_GdkEventKey*)+0x1c0
C  [libglass.so+0x21d3c]  process_events(_GdkEvent*, void*)+0x22c
C  [libgdk-x11-2.0.so.0+0x5bbac]

Java frames: (J=compiled Java code, j=interpreted, Vv=VM code)
j  com.sun.glass.ui.gtk.GtkApplication.enterNestedEventLoopImpl()V+0
j  com.sun.glass.ui.gtk.GtkApplication._enterNestedEventLoop()Ljava/lang/Object;+15
j  com.sun.glass.ui.Application.enterNestedEventLoop()Ljava/lang/Object;+14
j  com.sun.glass.ui.EventLoop.enter()Ljava/lang/Object;+42
j  com.sun.javafx.tk.quantum.QuantumToolkit.enterNestedEventLoop(Ljava/lang/Object;)Ljava/lang/Object;+107
j  javafx.stage.Stage.showAndWait()V+93
j  javafx.scene.control.HeavyweightDialog.showAndWait()V+22
j  javafx.scene.control.Dialog.showAndWait()Ljava/util/Optional;+88
j  fr.gsb.rv.dr.Appli.lambda$start$0(Ljavafx/scene/control/Menu;Ljavafx/scene/control/Menu;Ljavafx/scene/control/MenuItem;Ljavafx/scene/control/MenuItem;Ljavafx/stage/Stage;Ljavafx/event/ActionEvent;)V+11
j  fr.gsb.rv.dr.Appli$$Lambda$78.handle(Ljavafx/event/Event;)V+28
j  com.sun.javafx.event.CompositeEventHandler.dispatchBubblingEvent(Ljavafx/event/Event;)V+51
J 1147 C1 com.sun.javafx.event.EventHandlerManager.dispatchBubblingEvent(Ljavafx/event/EventType;Ljavafx/event/Event;)Ljavafx/event/Event; (34 bytes) @ 0x00007f76bd3e3650 [0x00007f76bd3e3100+0x550]
j  com.sun.javafx.event.EventHandlerManager.dispatchBubblingEvent(Ljavafx/event/Event;)Ljavafx/event/Event;+8
J 1349 C1 com.sun.javafx.event.BasicEventDispatcher.dispatchEvent(Ljavafx/event/Event;Ljavafx/event/EventDispatchChain;)Ljavafx/event/Event; (44 bytes) @ 0x00007f76bd472aa7 [0x00007f76bd472780+0x327]
J 1173 C1 com.sun.javafx.event.EventDispatchChainImpl.dispatchEvent(Ljavafx/event/Event;)Ljavafx/event/Event; (101 bytes) @ 0x00007f76bd3f3d84 [0x00007f76bd3f3be0+0x1a4]
j  com.sun.javafx.event.EventUtil.fireEventImpl(Ljavafx/event/EventDispatchChain;Ljavafx/event/EventTarget;Ljavafx/event/Event;)Ljavafx/event/Event;+10
j  com.sun.javafx.event.EventUtil.fireEvent(Ljavafx/event/EventTarget;Ljavafx/event/Event;)Ljavafx/event/Event;+37
j  javafx.event.Event.fireEvent(Ljavafx/event/EventTarget;Ljavafx/event/Event;)V+30
j  javafx.scene.control.MenuItem.fire()V+10
j  com.sun.javafx.scene.control.skin.ContextMenuContent$MenuItemContainer.doSelect()V+97
j  com.sun.javafx.scene.control.skin.ContextMenuContent$MenuItemContainer.lambda$createChildren$343(Ljavafx/scene/input/MouseEvent;)V+1
j  com.sun.javafx.scene.control.skin.ContextMenuContent$MenuItemContainer$$Lambda$219.handle(Ljavafx/event/Event;)V+8
j  com.sun.javafx.event.CompositeEventHandler$NormalEventHandlerRecord.handleBubblingEvent(Ljavafx/event/Event;)V+5
j  com.sun.javafx.event.CompositeEventHandler.dispatchBubblingEvent(Ljavafx/event/Event;)V+28
J 1147 C1 com.sun.javafx.event.EventHandlerManager.dispatchBubblingEvent(Ljavafx/event/EventType;Ljavafx/event/Event;)Ljavafx/event/Event; (34 bytes) @ 0x00007f76bd3e3650 [0x00007f76bd3e3100+0x550]
j  com.sun.javafx.event.EventHandlerManager.dispatchBubblingEvent(Ljavafx/event/Event;)Ljavafx/event/Event;+8
j  com.sun.javafx.event.CompositeEventDispatcher.dispatchBubblingEvent(Ljavafx/event/Event;)Ljavafx/event/Event;+11
J 1349 C1 com.sun.javafx.event.BasicEventDispatcher.dispatchEvent(Ljavafx/event/Event;Ljavafx/event/EventDispatchChain;)Ljavafx/event/Event; (44 bytes) @ 0x00007f76bd472aa7 [0x00007f76bd472780+0x327]
J 1173 C1 com.sun.javafx.event.EventDispatchChainImpl.dispatchEvent(Ljavafx/event/Event;)Ljavafx/event/Event; (101 bytes) @ 0x00007f76bd3f3d84 [0x00007f76bd3f3be0+0x1a4]
J 1349 C1 com.sun.javafx.event.BasicEventDispatcher.dispatchEvent(Ljavafx/event/Event;Ljavafx/event/EventDispatchChain;)Ljavafx/event/Event; (44 bytes) @ 0x00007f76bd4729c6 [0x00007f76bd472780+0x246]
J 1173 C1 com.sun.javafx.event.EventDispatchChainImpl.dispatchEvent(Ljavafx/event/Event;)Ljavafx/event/Event; (101 bytes) @ 0x00007f76bd3f3d84 [0x00007f76bd3f3be0+0x1a4]
J 1349 C1 com.sun.javafx.event.BasicEventDispatcher.dispatchEvent(Ljavafx/event/Event;Ljavafx/event/EventDispatchChain;)Ljavafx/event/Event; (44 bytes) @ 0x00007f76bd4729c6 [0x00007f76bd472780+0x246]
J 1173 C1 com.sun.javafx.event.EventDispatchChainImpl.dispatchEvent(Ljavafx/event/Event;)Ljavafx/event/Event; (101 bytes) @ 0x00007f76bd3f3d84 [0x00007f76bd3f3be0+0x1a4]
J 1349 C1 com.sun.javafx.event.BasicEventDispatcher.dispatchEvent(Ljavafx/event/Event;Ljavafx/event/EventDispatchChain;)Ljavafx/event/Event; (44 bytes) @ 0x00007f76bd4729c6 [0x00007f76bd472780+0x246]
J 1173 C1 com.sun.javafx.event.EventDispatchChainImpl.dispatchEvent(Ljavafx/event/Event;)Ljavafx/event/Event; (101 bytes) @ 0x00007f76bd3f3d84 [0x00007f76bd3f3be0+0x1a4]
j  com.sun.javafx.event.EventUtil.fireEventImpl(Ljavafx/event/EventDispatchChain;Ljavafx/event/EventTarget;Ljavafx/event/Event;)Ljavafx/event/Event;+10
j  com.sun.javafx.event.EventUtil.fireEvent(Ljavafx/event/EventTarget;Ljavafx/event/Event;)Ljavafx/event/Event;+46
j  javafx.event.Event.fireEvent(Ljavafx/event/EventTarget;Ljavafx/event/Event;)V+30
j  javafx.scene.Scene$MouseHandler.process(Ljavafx/scene/input/MouseEvent;Z)V+491
j  javafx.scene.Scene$MouseHandler.access$1500(Ljavafx/scene/Scene$MouseHandler;Ljavafx/scene/input/MouseEvent;Z)V+3
j  javafx.scene.Scene.impl_processMouseEvent(Ljavafx/scene/input/MouseEvent;)V+6
j  javafx.scene.Scene$ScenePeerListener.mouseEvent(Ljavafx/event/EventType;DDDDLjavafx/scene/input/MouseButton;ZZZZZZZZZ)V+46
j  com.sun.javafx.tk.quantum.GlassViewEventHandler$MouseEventNotification.run()Ljava/lang/Void;+514
j  com.sun.javafx.tk.quantum.GlassViewEventHandler$MouseEventNotification.run()Ljava/lang/Object;+1
v  ~StubRoutines::call_stub
j  java.security.AccessController.doPrivileged(Ljava/security/PrivilegedAction;Ljava/security/AccessControlContext;)Ljava/lang/Object;+0
j  com.sun.javafx.tk.quantum.GlassViewEventHandler.lambda$handleMouseEvent$354()Ljava/lang/Void;+11
j  com.sun.javafx.tk.quantum.GlassViewEventHandler$$Lambda$204.get()Ljava/lang/Object;+4
j  com.sun.javafx.tk.quantum.QuantumToolkit.runWithoutRenderLock(Ljava/util/function/Supplier;)Ljava/lang/Object;+18
j  com.sun.javafx.tk.quantum.GlassViewEventHandler.handleMouseEvent(Lcom/sun/glass/ui/View;JIIIIIIIZZ)V+103
j  com.sun.glass.ui.View.handleMouseEvent(JIIIIIIIZZ)V+30
j  com.sun.glass.ui.View.notifyMouse(IIIIIIIZZ)V+181
v  ~StubRoutines::call_stub
j  com.sun.glass.ui.gtk.GtkApplication._runLoop(Ljava/lang/Runnable;Z)V+0
j  com.sun.glass.ui.gtk.GtkApplication.lambda$null$49(Ljava/lang/Runnable;Z)V+7
j  com.sun.glass.ui.gtk.GtkApplication$$Lambda$42.run()V+12
j  java.lang.Thread.run()V+11
v  ~StubRoutines::call_stub

---------------  P R O C E S S  ---------------

Java Threads: ( => current thread )
  0x00007f76ac5d9000 JavaThread "Prism Font Disposer" daemon [_thread_blocked, id=2091, stack(0x00007f769366a000,0x00007f769376b000)]
  0x00007f76ac1aa000 JavaThread "Abandoned connection cleanup thread" daemon [_thread_blocked, id=2089, stack(0x00007f7697baf000,0x00007f7697cb0000)]
  0x00007f76cc250000 JavaThread "JavaFX-Launcher" [_thread_blocked, id=2088, stack(0x00007f7697cb8000,0x00007f7697db9000)]
=>0x00007f76cc24c800 JavaThread "JavaFX Application Thread" [_thread_in_vm, id=2087, stack(0x00007f7697db9000,0x00007f7697eba000)]
  0x00007f76cc21e800 JavaThread "Thread-1" daemon [_thread_blocked, id=2086, stack(0x00007f7697eba000,0x00007f7697fbb000)]
  0x00007f76cc1ca000 JavaThread "QuantumRenderer-0" daemon [_thread_blocked, id=2085, stack(0x00007f76bc016000,0x00007f76bc117000)]
  0x00007f76cc0f5000 JavaThread "Service Thread" daemon [_thread_blocked, id=2083, stack(0x00007f76bc218000,0x00007f76bc319000)]
  0x00007f76cc0d7800 JavaThread "C1 CompilerThread1" daemon [_thread_blocked, id=2082, stack(0x00007f76bc31a000,0x00007f76bc41a000)]
  0x00007f76cc0d5800 JavaThread "C2 CompilerThread0" daemon [_thread_blocked, id=2081, stack(0x00007f76bc41b000,0x00007f76bc51b000)]
  0x00007f76cc0d4000 JavaThread "Signal Dispatcher" daemon [_thread_blocked, id=2080, stack(0x00007f76d00ee000,0x00007f76d01ef000)]
  0x00007f76cc0a1000 JavaThread "Finalizer" daemon [_thread_blocked, id=2079, stack(0x00007f76d01ef000,0x00007f76d02f0000)]
  0x00007f76cc09c800 JavaThread "Reference Handler" daemon [_thread_blocked, id=2078, stack(0x00007f76d02f0000,0x00007f76d03f1000)]
  0x00007f76cc009800 JavaThread "main" [_thread_blocked, id=2074, stack(0x00007f76d13b0000,0x00007f76d14b0000)]

Other Threads:
  0x00007f76cc095000 VMThread [stack: 0x00007f76d03f2000,0x00007f76d04f2000] [id=2077]
  0x00007f76cc0f8800 WatcherThread [stack: 0x00007f76bc118000,0x00007f76bc218000] [id=2084]

VM state:not at safepoint (normal execution)

VM Mutex/Monitor currently owned by a thread: None

Heap:
 def new generation   total 9792K, used 8532K [0x00000000e1200000, 0x00000000e1ca0000, 0x00000000eb6a0000)
  eden space 8704K,  97% used [0x00000000e1200000, 0x00000000e1a45108, 0x00000000e1a80000)
  from space 1088K,   5% used [0x00000000e1b90000, 0x00000000e1ba00f8, 0x00000000e1ca0000)
  to   space 1088K,   0% used [0x00000000e1a80000, 0x00000000e1a80000, 0x00000000e1b90000)
 tenured generation   total 21888K, used 15161K [0x00000000eb6a0000, 0x00000000ecc00000, 0x0000000100000000)
   the space 21888K,  69% used [0x00000000eb6a0000, 0x00000000ec56e6c8, 0x00000000ec56e800, 0x00000000ecc00000)
 Metaspace       used 18343K, capacity 19246K, committed 19584K, reserved 1067008K
  class space    used 2625K, capacity 2840K, committed 2944K, reserved 1048576K

Card table byte_map: [0x00007f76d0890000,0x00007f76d0988000] byte_map_base: 0x00007f76d0187000

Polling page: 0x00007f76d2a3b000

CodeCache: size=245760Kb used=5681Kb max_used=5692Kb free=240078Kb
 bounds [0x00007f76bd000000, 0x00007f76bd5a0000, 0x00007f76cc000000]
 total_blobs=2492 nmethods=1841 adapters=564
 compilation: enabled

Compilation events (10 events):
Event: 29,116 Thread 0x00007f76cc0d7800 1849       3       javafx.beans.property.ObjectPropertyBase::invalidated (1 bytes)
Event: 29,116 Thread 0x00007f76cc0d7800 nmethod 1849 0x00007f76bd58ce50 code [0x00007f76bd58cfa0, 0x00007f76bd58d0f0]
Event: 29,116 Thread 0x00007f76cc0d7800 1850       3       javafx.beans.property.ReadOnlyObjectWrapper::fireValueChangedEvent (19 bytes)
Event: 29,116 Thread 0x00007f76cc0d7800 nmethod 1850 0x00007f76bd58d190 code [0x00007f76bd58d340, 0x00007f76bd58d8b0]
Event: 29,116 Thread 0x00007f76cc0d7800 1851       3       javafx.scene.Node::isFocusTraversable (19 bytes)
Event: 29,116 Thread 0x00007f76cc0d7800 nmethod 1851 0x00007f76bd58dad0 code [0x00007f76bd58dc60, 0x00007f76bd58e020]
Event: 29,116 Thread 0x00007f76cc0d7800 1852       3       javafx.beans.property.ReadOnlyObjectWrapper$ReadOnlyPropertyImpl::get (8 bytes)
Event: 29,116 Thread 0x00007f76cc0d7800 nmethod 1852 0x00007f76bd58e150 code [0x00007f76bd58e2c0, 0x00007f76bd58e620]
Event: 29,116 Thread 0x00007f76cc0d5800 1853       4       javafx.scene.Scene::getRoot (22 bytes)
Event: 29,118 Thread 0x00007f76cc0d5800 nmethod 1853 0x00007f76bd591490 code [0x00007f76bd5915e0, 0x00007f76bd5916f8]

GC Heap History (10 events):
Event: 12,089 GC heap before
{Heap before GC invocations=0 (full 0):
 def new generation   total 9792K, used 8704K [0x00000000e1200000, 0x00000000e1ca0000, 0x00000000eb6a0000)
  eden space 8704K, 100% used [0x00000000e1200000, 0x00000000e1a80000, 0x00000000e1a80000)
  from space 1088K,   0% used [0x00000000e1a80000, 0x00000000e1a80000, 0x00000000e1b90000)
  to   space 1088K,   0% used [0x00000000e1b90000, 0x00000000e1b90000, 0x00000000e1ca0000)
 tenured generation   total 21888K, used 0K [0x00000000eb6a0000, 0x00000000ecc00000, 0x0000000100000000)
   the space 21888K,   0% used [0x00000000eb6a0000, 0x00000000eb6a0000, 0x00000000eb6a0200, 0x00000000ecc00000)
 Metaspace       used 7209K, capacity 7634K, committed 7680K, reserved 1056768K
  class space    used 898K, capacity 1010K, committed 1024K, reserved 1048576K
Event: 12,297 GC heap after
Heap after GC invocations=1 (full 0):
 def new generation   total 9792K, used 1022K [0x00000000e1200000, 0x00000000e1ca0000, 0x00000000eb6a0000)
  eden space 8704K,   0% used [0x00000000e1200000, 0x00000000e1200000, 0x00000000e1a80000)
  from space 1088K,  94% used [0x00000000e1b90000, 0x00000000e1c8fba8, 0x00000000e1ca0000)
  to   space 1088K,   0% used [0x00000000e1a80000, 0x00000000e1a80000, 0x00000000e1b90000)
 tenured generation   total 21888K, used 0K [0x00000000eb6a0000, 0x00000000ecc00000, 0x0000000100000000)
   the space 21888K,   0% used [0x00000000eb6a0000, 0x00000000eb6a0000, 0x00000000eb6a0200, 0x00000000ecc00000)
 Metaspace       used 7209K, capacity 7634K, committed 7680K, reserved 1056768K
  class space    used 898K, capacity 1010K, committed 1024K, reserved 1048576K
}
Event: 14,824 GC heap before
{Heap before GC invocations=1 (full 0):
 def new generation   total 9792K, used 9726K [0x00000000e1200000, 0x00000000e1ca0000, 0x00000000eb6a0000)
  eden space 8704K, 100% used [0x00000000e1200000, 0x00000000e1a80000, 0x00000000e1a80000)
  from space 1088K,  94% used [0x00000000e1b90000, 0x00000000e1c8fba8, 0x00000000e1ca0000)
  to   space 1088K,   0% used [0x00000000e1a80000, 0x00000000e1a80000, 0x00000000e1b90000)
 tenured generation   total 21888K, used 0K [0x00000000eb6a0000, 0x00000000ecc00000, 0x0000000100000000)
   the space 21888K,   0% used [0x00000000eb6a0000, 0x00000000eb6a0000, 0x00000000eb6a0200, 0x00000000ecc00000)
 Metaspace       used 11369K, capacity 11702K, committed 12032K, reserved 1060864K
  class space    used 1388K, capacity 1504K, committed 1536K, reserved 1048576K
Event: 15,134 GC heap after
Heap after GC invocations=2 (full 0):
 def new generation   total 9792K, used 1088K [0x00000000e1200000, 0x00000000e1ca0000, 0x00000000eb6a0000)
  eden space 8704K,   0% used [0x00000000e1200000, 0x00000000e1200000, 0x00000000e1a80000)
  from space 1088K, 100% used [0x00000000e1a80000, 0x00000000e1b90000, 0x00000000e1b90000)
  to   space 1088K,   0% used [0x00000000e1b90000, 0x00000000e1b90000, 0x00000000e1ca0000)
 tenured generation   total 21888K, used 2443K [0x00000000eb6a0000, 0x00000000ecc00000, 0x0000000100000000)
   the space 21888K,  11% used [0x00000000eb6a0000, 0x00000000eb902d60, 0x00000000eb902e00, 0x00000000ecc00000)
 Metaspace       used 11369K, capacity 11702K, committed 12032K, reserved 1060864K
  class space    used 1388K, capacity 1504K, committed 1536K, reserved 1048576K
}
Event: 16,670 GC heap before
{Heap before GC invocations=2 (full 0):
 def new generation   total 9792K, used 9792K [0x00000000e1200000, 0x00000000e1ca0000, 0x00000000eb6a0000)
  eden space 8704K, 100% used [0x00000000e1200000, 0x00000000e1a80000, 0x00000000e1a80000)
  from space 1088K, 100% used [0x00000000e1a80000, 0x00000000e1b90000, 0x00000000e1b90000)
  to   space 1088K,   0% used [0x00000000e1b90000, 0x00000000e1b90000, 0x00000000e1ca0000)
 tenured generation   total 21888K, used 2443K [0x00000000eb6a0000, 0x00000000ecc00000, 0x0000000100000000)
   the space 21888K,  11% used [0x00000000eb6a0000, 0x00000000eb902d60, 0x00000000eb902e00, 0x00000000ecc00000)
 Metaspace       used 14775K, capacity 15324K, committed 15616K, reserved 1062912K
  class space    used 2033K, capacity 2181K, committed 2304K, reserved 1048576K
Event: 16,804 GC heap after
Heap after GC invocations=3 (full 0):
 def new generation   total 9792K, used 1088K [0x00000000e1200000, 0x00000000e1ca0000, 0x00000000eb6a0000)
  eden space 8704K,   0% used [0x00000000e1200000, 0x00000000e1200000, 0x00000000e1a80000)
  from space 1088K, 100% used [0x00000000e1b90000, 0x00000000e1ca0000, 0x00000000e1ca0000)
  to   space 1088K,   0% used [0x00000000e1a80000, 0x00000000e1a80000, 0x00000000e1b90000)
 tenured generation   total 21888K, used 3780K [0x00000000eb6a0000, 0x00000000ecc00000, 0x0000000100000000)
   the space 21888K,  17% used [0x00000000eb6a0000, 0x00000000eba51080, 0x00000000eba51200, 0x00000000ecc00000)
 Metaspace       used 14775K, capacity 15324K, committed 15616K, reserved 1062912K
  class space    used 2033K, capacity 2181K, committed 2304K, reserved 1048576K
}
Event: 18,311 GC heap before
{Heap before GC invocations=3 (full 0):
 def new generation   total 9792K, used 6114K [0x00000000e1200000, 0x00000000e1ca0000, 0x00000000eb6a0000)
  eden space 8704K,  57% used [0x00000000e1200000, 0x00000000e16e8b10, 0x00000000e1a80000)
  from space 1088K, 100% used [0x00000000e1b90000, 0x00000000e1ca0000, 0x00000000e1ca0000)
  to   space 1088K,   0% used [0x00000000e1a80000, 0x00000000e1a80000, 0x00000000e1b90000)
 tenured generation   total 21888K, used 3780K [0x00000000eb6a0000, 0x00000000ecc00000, 0x0000000100000000)
   the space 21888K,  17% used [0x00000000eb6a0000, 0x00000000eba51080, 0x00000000eba51200, 0x00000000ecc00000)
 Metaspace       used 15817K, capacity 16454K, committed 16768K, reserved 1062912K
  class space    used 2185K, capacity 2370K, committed 2432K, reserved 1048576K
Event: 18,976 GC heap after
Heap after GC invocations=4 (full 0):
 def new generation   total 9792K, used 1088K [0x00000000e1200000, 0x00000000e1ca0000, 0x00000000eb6a0000)
  eden space 8704K,   0% used [0x00000000e1200000, 0x00000000e1200000, 0x00000000e1a80000)
  from space 1088K, 100% used [0x00000000e1a80000, 0x00000000e1b90000, 0x00000000e1b90000)
  to   space 1088K,   0% used [0x00000000e1b90000, 0x00000000e1b90000, 0x00000000e1ca0000)
 tenured generation   total 21888K, used 5888K [0x00000000eb6a0000, 0x00000000ecc00000, 0x0000000100000000)
   the space 21888K,  26% used [0x00000000eb6a0000, 0x00000000ebc60280, 0x00000000ebc60400, 0x00000000ecc00000)
 Metaspace       used 15817K, capacity 16454K, committed 16768K, reserved 1062912K
  class space    used 2185K, capacity 2370K, committed 2432K, reserved 1048576K
}
Event: 19,116 GC heap before
{Heap before GC invocations=4 (full 0):
 def new generation   total 9792K, used 9792K [0x00000000e1200000, 0x00000000e1ca0000, 0x00000000eb6a0000)
  eden space 8704K, 100% used [0x00000000e1200000, 0x00000000e1a80000, 0x00000000e1a80000)
  from space 1088K, 100% used [0x00000000e1a80000, 0x00000000e1b90000, 0x00000000e1b90000)
  to   space 1088K,   0% used [0x00000000e1b90000, 0x00000000e1b90000, 0x00000000e1ca0000)
 tenured generation   total 21888K, used 5888K [0x00000000eb6a0000, 0x00000000ecc00000, 0x0000000100000000)
   the space 21888K,  26% used [0x00000000eb6a0000, 0x00000000ebc60280, 0x00000000ebc60400, 0x00000000ecc00000)
 Metaspace       used 16046K, capacity 16672K, committed 16768K, reserved 1062912K
  class space    used 2214K, capacity 2377K, committed 2432K, reserved 1048576K
Event: 19,467 GC heap after
Heap after GC invocations=5 (full 0):
 def new generation   total 9792K, used 64K [0x00000000e1200000, 0x00000000e1ca0000, 0x00000000eb6a0000)
  eden space 8704K,   0% used [0x00000000e1200000, 0x00000000e1200000, 0x00000000e1a80000)
  from space 1088K,   5% used [0x00000000e1b90000, 0x00000000e1ba00f8, 0x00000000e1ca0000)
  to   space 1088K,   0% used [0x00000000e1a80000, 0x00000000e1a80000, 0x00000000e1b90000)
 tenured generation   total 21888K, used 15161K [0x00000000eb6a0000, 0x00000000ecc00000, 0x0000000100000000)
   the space 21888K,  69% used [0x00000000eb6a0000, 0x00000000ec56e6c8, 0x00000000ec56e800, 0x00000000ecc00000)
 Metaspace       used 16046K, capacity 16672K, committed 16768K, reserved 1062912K
  class space    used 2214K, capacity 2377K, committed 2432K, reserved 1048576K
}

Deoptimization events (10 events):
Event: 16,201 Thread 0x00007f76cc24c800 Uncommon trap: reason=class_check action=maybe_recompile pc=0x00007f76bd2373b4 method=java.io.DataInputStream.readShort()S @ 4
Event: 16,201 Thread 0x00007f76cc24c800 Uncommon trap: reason=class_check action=maybe_recompile pc=0x00007f76bd2373b4 method=java.io.DataInputStream.readShort()S @ 4
Event: 16,216 Thread 0x00007f76cc24c800 Uncommon trap: reason=class_check action=maybe_recompile pc=0x00007f76bd1184b8 method=java.lang.String.equals(Ljava/lang/Object;)Z @ 8
Event: 16,216 Thread 0x00007f76cc24c800 Uncommon trap: reason=class_check action=maybe_recompile pc=0x00007f76bd1184b8 method=java.lang.String.equals(Ljava/lang/Object;)Z @ 8
Event: 16,216 Thread 0x00007f76cc24c800 Uncommon trap: reason=class_check action=maybe_recompile pc=0x00007f76bd1184b8 method=java.lang.String.equals(Ljava/lang/Object;)Z @ 8
Event: 16,217 Thread 0x00007f76cc24c800 Uncommon trap: reason=class_check action=maybe_recompile pc=0x00007f76bd1184b8 method=java.lang.String.equals(Ljava/lang/Object;)Z @ 8
Event: 21,232 Thread 0x00007f76cc24c800 Uncommon trap: reason=unstable_if action=reinterpret pc=0x00007f76bd346424 method=jdk.internal.org.objectweb.asm.Type.getArgumentsAndReturnSizes(Ljava/lang/String;)I @ 47
Event: 23,255 Thread 0x00007f76cc24c800 Uncommon trap: reason=unstable_if action=reinterpret pc=0x00007f76bd3cc8ac method=java.lang.ClassLoader.checkName(Ljava/lang/String;)Z @ 20
Event: 23,356 Thread 0x00007f76cc24c800 Uncommon trap: reason=unstable_if action=reinterpret pc=0x00007f76bd48282c method=com.sun.javafx.css.BitSet.addAll(Ljava/util/Collection;)Z @ 1
Event: 27,614 Thread 0x00007f76cc24c800 Uncommon trap: reason=unstable_if action=reinterpret pc=0x00007f76bd233f20 method=java.lang.CharacterData.of(I)Ljava/lang/CharacterData; @ 4

Internal exceptions (10 events):
Event: 2,839 Thread 0x00007f76cc009800 Exception <a 'java/security/PrivilegedActionException'> (0x00000000e1447780) thrown at [/HUDSON/workspace/8-2-build-linux-amd64/jdk8u131/8869/hotspot/src/share/vm/prims/jvm.cpp, line 1390]
Event: 2,839 Thread 0x00007f76cc009800 Exception <a 'java/security/PrivilegedActionException'> (0x00000000e1447990) thrown at [/HUDSON/workspace/8-2-build-linux-amd64/jdk8u131/8869/hotspot/src/share/vm/prims/jvm.cpp, line 1390]
Event: 2,844 Thread 0x00007f76cc009800 Exception <a 'java/security/PrivilegedActionException'> (0x00000000e1449a70) thrown at [/HUDSON/workspace/8-2-build-linux-amd64/jdk8u131/8869/hotspot/src/share/vm/prims/jvm.cpp, line 1390]
Event: 2,844 Thread 0x00007f76cc009800 Exception <a 'java/security/PrivilegedActionException'> (0x00000000e1449c80) thrown at [/HUDSON/workspace/8-2-build-linux-amd64/jdk8u131/8869/hotspot/src/share/vm/prims/jvm.cpp, line 1390]
Event: 2,844 Thread 0x00007f76cc009800 Exception <a 'java/lang/NullPointerException'> (0x00000000e144a258) thrown at [/HUDSON/workspace/8-2-build-linux-amd64/jdk8u131/8869/hotspot/src/share/vm/interpreter/linkResolver.cpp, line 1197]
Event: 11,988 Thread 0x00007f76cc24c800 Exception <a 'java/lang/NullPointerException'> (0x00000000e19cfc70) thrown at [/HUDSON/workspace/8-2-build-linux-amd64/jdk8u131/8869/hotspot/src/share/vm/interpreter/linkResolver.cpp, line 1197]
Event: 11,988 Thread 0x00007f76cc24c800 Exception <a 'java/lang/NullPointerException'> (0x00000000e19cfc70) thrown at [/HUDSON/workspace/8-2-build-linux-amd64/jdk8u131/8869/hotspot/src/share/vm/prims/jvm.cpp, line 1394]
Event: 12,591 Thread 0x00007f76cc24c800 Implicit null exception at 0x00007f76bd2468b6 to 0x00007f76bd246c69
Event: 15,704 Thread 0x00007f76cc24c800 Implicit null exception at 0x00007f76bd2765b5 to 0x00007f76bd2767d1
Event: 23,356 Thread 0x00007f76cc24c800 Implicit null exception at 0x00007f76bd4822cf to 0x00007f76bd482819

Events (10 events):
Event: 27,614 Thread 0x00007f76cc24c800 DEOPT PACKING pc=0x00007f76bd233f20 sp=0x00007f7697eb2680
Event: 27,614 Thread 0x00007f76cc24c800 DEOPT UNPACKING pc=0x00007f76bd005229 sp=0x00007f7697eb2648 mode 2
Event: 27,614 loading class java/lang/CharacterData00
Event: 27,673 loading class java/lang/CharacterData00 done
Event: 27,673 Executing VM operation: Deoptimize
Event: 27,674 Executing VM operation: Deoptimize done
Event: 29,113 loading class javafx/scene/input/KeyCombination$2
Event: 29,113 loading class javafx/scene/input/KeyCombination$2 done
Event: 29,114 loading class javafx/util/Pair
Event: 29,114 loading class javafx/util/Pair done


Dynamic libraries:
00400000-00401000 r-xp 00000000 08:01 1181126                            /opt/jdk1.8.0_131/jre/bin/java
00600000-00601000 rw-p 00000000 08:01 1181126                            /opt/jdk1.8.0_131/jre/bin/java
01434000-01455000 rw-p 00000000 00:00 0                                  [heap]
e1200000-e1ca0000 rw-p 00000000 00:00 0 
e1ca0000-eb6a0000 ---p 00000000 00:00 0 
eb6a0000-ecc00000 rw-p 00000000 00:00 0 
ecc00000-100000000 ---p 00000000 00:00 0 
100000000-1002e0000 rw-p 00000000 00:00 0 
1002e0000-140000000 ---p 00000000 00:00 0 
7f7693040000-7f7693080000 rw-p 00000000 00:00 0 
7f7693080000-7f7693240000 ---p 00000000 00:00 0 
7f7693240000-7f7693247000 r--p 00000000 08:01 3286088                    /usr/share/locale/fr/LC_MESSAGES/gdk-pixbuf.mo
7f7693247000-7f7693447000 rw-p 00000000 00:00 0 
7f7693447000-7f7693457000 r-xp 00000000 08:01 1185052                    /opt/jdk1.8.0_131/jre/lib/amd64/libdecora_sse.so
7f7693457000-7f7693656000 ---p 00010000 08:01 1185052                    /opt/jdk1.8.0_131/jre/lib/amd64/libdecora_sse.so
7f7693656000-7f7693657000 rw-p 0000f000 08:01 1185052                    /opt/jdk1.8.0_131/jre/lib/amd64/libdecora_sse.so
7f7693657000-7f769366a000 r--s 00345000 08:01 1184903                    /opt/jdk1.8.0_131/jre/lib/resources.jar
7f769366a000-7f769366d000 ---p 00000000 00:00 0 
7f769366d000-7f769376b000 rw-p 00000000 00:00 0 
7f769376b000-7f7693824000 r--p 00000000 08:01 3673999                    /usr/share/fonts/truetype/dejavu/DejaVuSans.ttf
7f7693824000-7f7693860000 r--p 00000000 08:01 1181167                    /opt/jdk1.8.0_131/jre/lib/fonts/LucidaTypewriterRegular.ttf
7f7693860000-7f769390b000 r--p 00000000 08:01 1181162                    /opt/jdk1.8.0_131/jre/lib/fonts/LucidaSansRegular.ttf
7f769390b000-7f769391e000 r--p 00000000 08:01 1181166                    /opt/jdk1.8.0_131/jre/lib/fonts/LucidaBrightDemiItalic.ttf
7f769391e000-7f7693931000 r--p 00000000 08:01 1181169                    /opt/jdk1.8.0_131/jre/lib/fonts/LucidaBrightDemiBold.ttf
7f7693931000-7f769397f000 r--p 00000000 08:01 1181164                    /opt/jdk1.8.0_131/jre/lib/fonts/LucidaSansDemiBold.ttf
7f769397f000-7f7693993000 r--p 00000000 08:01 1181161                    /opt/jdk1.8.0_131/jre/lib/fonts/LucidaBrightItalic.ttf
7f7693993000-7f76939e8000 r--p 00000000 08:01 1181163                    /opt/jdk1.8.0_131/jre/lib/fonts/LucidaBrightRegular.ttf
7f76939e8000-7f7693a22000 r--p 00000000 08:01 1181168                    /opt/jdk1.8.0_131/jre/lib/fonts/LucidaTypewriterBold.ttf
7f7693a22000-7f7693a26000 r-xp 00000000 08:01 1185025                    /opt/jdk1.8.0_131/jre/lib/amd64/libjavafx_font_pango.so
7f7693a26000-7f7693c25000 ---p 00004000 08:01 1185025                    /opt/jdk1.8.0_131/jre/lib/amd64/libjavafx_font_pango.so
7f7693c25000-7f7693c26000 rw-p 00003000 08:01 1185025                    /opt/jdk1.8.0_131/jre/lib/amd64/libjavafx_font_pango.so
7f7693c26000-7f7693e26000 rw-p 00000000 00:00 0 
7f7693e26000-7f7693e2b000 r--s 00084000 08:01 1181149                    /opt/jdk1.8.0_131/jre/lib/jfr.jar
7f7693e2b000-7f7693e37000 r--s 00000000 08:01 3148274                    /var/cache/fontconfig/6b3873dd-ea4c-49a5-b597-93f6fdd7529b-le64.cache-7
7f7693e37000-7f7693e39000 r--s 00000000 08:01 3153616                    /var/cache/fontconfig/e3056536-eafe-42f3-b6a8-dd64e6fcfb09-le64.cache-7
7f7693e39000-7f7694122000 r--s 00000000 08:01 3153592                    /var/cache/fontconfig/56ce87a3-e5ea-4f04-8665-f8d58b259d9d-le64.cache-7
7f7694122000-7f7694127000 r--s 00000000 08:01 3153587                    /var/cache/fontconfig/d3b34ebc-0f7c-4094-9252-3567d7fafb4e-le64.cache-7
7f7694127000-7f769412e000 r--s 00000000 08:01 3153383                    /var/cache/fontconfig/e0606749-803d-4f0b-b8bf-ad424d8ec432-le64.cache-7
7f769412e000-7f7694136000 r--s 00000000 08:01 3153366                    /var/cache/fontconfig/caa41b98-100c-4175-8229-16723ff7d955-le64.cache-7
7f7694136000-7f7694142000 r--s 00000000 08:01 3146962                    /var/cache/fontconfig/d2ce640e-ffd0-4bdd-856f-a2999d8ed55b-le64.cache-7
7f7694142000-7f7694161000 r--s 00000000 08:01 3146960                    /var/cache/fontconfig/98aaedab-7bd1-480c-983a-9a5d5702407d-le64.cache-7
7f7694161000-7f7694164000 r--s 00000000 08:01 3151649                    /var/cache/fontconfig/50f7fe61-8db9-4156-9c02-d1d934540d48-le64.cache-7
7f7694164000-7f7694169000 r-xp 00000000 08:01 1185028                    /opt/jdk1.8.0_131/jre/lib/amd64/libjavafx_font_freetype.so
7f7694169000-7f7694368000 ---p 00005000 08:01 1185028                    /opt/jdk1.8.0_131/jre/lib/amd64/libjavafx_font_freetype.so
7f7694368000-7f7694369000 rw-p 00004000 08:01 1185028                    /opt/jdk1.8.0_131/jre/lib/amd64/libjavafx_font_freetype.so
7f7694369000-7f769436c000 r-xp 00000000 08:01 1185075                    /opt/jdk1.8.0_131/jre/lib/amd64/libjavafx_font.so
7f769436c000-7f769456b000 ---p 00003000 08:01 1185075                    /opt/jdk1.8.0_131/jre/lib/amd64/libjavafx_font.so
7f769456b000-7f769456c000 rw-p 00002000 08:01 1185075                    /opt/jdk1.8.0_131/jre/lib/amd64/libjavafx_font.so
7f769456c000-7f769476c000 rw-p 00000000 00:00 0 
7f769476c000-7f7694771000 r--s 0009a000 08:01 1184917                    /opt/jdk1.8.0_131/jre/lib/jsse.jar
7f7694771000-7f7697772000 rw-p 00000000 00:00 0 
7f7697772000-7f7697788000 r-xp 00000000 08:01 1185074                    /opt/jdk1.8.0_131/jre/lib/amd64/libnet.so
7f7697788000-7f7697988000 ---p 00016000 08:01 1185074                    /opt/jdk1.8.0_131/jre/lib/amd64/libnet.so
7f7697988000-7f7697989000 rw-p 00016000 08:01 1185074                    /opt/jdk1.8.0_131/jre/lib/amd64/libnet.so
7f7697989000-7f7697993000 r--s 00116000 08:01 1184928                    /opt/jdk1.8.0_131/jre/lib/ext/localedata.jar
7f7697993000-7f76979af000 r--s 00393000 08:01 1184921                    /opt/jdk1.8.0_131/jre/lib/ext/cldrdata.jar
7f76979af000-7f7697baf000 rw-p 00000000 00:00 0 
7f7697baf000-7f7697bb2000 ---p 00000000 00:00 0 
7f7697bb2000-7f7697cb0000 rw-p 00000000 00:00 0 
7f7697cb0000-7f7697cb8000 r--s 000c4000 08:01 2491542                    /home/developpeur/NetBeansProjects/GSB-RV-DR/dist/run548345421/lib/mysql-connector-java-5.1.23-bin.jar
7f7697cb8000-7f7697cbb000 ---p 00000000 00:00 0 
7f7697cbb000-7f7697db9000 rw-p 00000000 00:00 0 
7f7697db9000-7f7697dbc000 ---p 00000000 00:00 0 
7f7697dbc000-7f7697eba000 rw-p 00000000 00:00 0 
7f7697eba000-7f7697ebd000 ---p 00000000 00:00 0 
7f7697ebd000-7f7697fbb000 rw-p 00000000 00:00 0 
7f7697fbb000-7f7697fbe000 r--p 00000000 08:01 3415061                    /usr/lib/x86_64-linux-gnu/gtk-2.0/2.10.0/engines/libpixmap.so
7f7697fbe000-7f7697fc4000 r-xp 00003000 08:01 3415061                    /usr/lib/x86_64-linux-gnu/gtk-2.0/2.10.0/engines/libpixmap.so
7f7697fc4000-7f7697fc6000 r--p 00009000 08:01 3415061                    /usr/lib/x86_64-linux-gnu/gtk-2.0/2.10.0/engines/libpixmap.so
7f7697fc6000-7f7697fc7000 ---p 0000b000 08:01 3415061                    /usr/lib/x86_64-linux-gnu/gtk-2.0/2.10.0/engines/libpixmap.so
7f7697fc7000-7f7697fc8000 r--p 0000b000 08:01 3415061                    /usr/lib/x86_64-linux-gnu/gtk-2.0/2.10.0/engines/libpixmap.so
7f7697fc8000-7f7697fc9000 rw-p 0000c000 08:01 3415061                    /usr/lib/x86_64-linux-gnu/gtk-2.0/2.10.0/engines/libpixmap.so
7f7697fc9000-7f7697fcb000 r-xp 00000000 08:01 3415062                    /usr/lib/x86_64-linux-gnu/gtk-2.0/2.10.0/engines/libadwaita.so
7f7697fcb000-7f76981cb000 ---p 00002000 08:01 3415062                    /usr/lib/x86_64-linux-gnu/gtk-2.0/2.10.0/engines/libadwaita.so
7f76981cb000-7f76981cc000 r--p 00002000 08:01 3415062                    /usr/lib/x86_64-linux-gnu/gtk-2.0/2.10.0/engines/libadwaita.so
7f76981cc000-7f76981cd000 rw-p 00003000 08:01 3415062                    /usr/lib/x86_64-linux-gnu/gtk-2.0/2.10.0/engines/libadwaita.so
7f76981cd000-7f76981f8000 r--p 00000000 08:01 3293597                    /usr/share/locale/fr/LC_MESSAGES/gtk20-properties.mo
7f76981f8000-7f7698221000 r-xp 00000000 08:01 1185050                    /opt/jdk1.8.0_131/jre/lib/amd64/libglass.so
7f7698221000-7f7698420000 ---p 00029000 08:01 1185050                    /opt/jdk1.8.0_131/jre/lib/amd64/libglass.so
7f7698420000-7f7698423000 rw-p 00028000 08:01 1185050                    /opt/jdk1.8.0_131/jre/lib/amd64/libglass.so
7f7698423000-7f7698432000 r-xp 00000000 08:01 1185048                    /opt/jdk1.8.0_131/jre/lib/amd64/libprism_sw.so
7f7698432000-7f7698632000 ---p 0000f000 08:01 1185048                    /opt/jdk1.8.0_131/jre/lib/amd64/libprism_sw.so
7f7698632000-7f7698633000 rw-p 0000f000 08:01 1185048                    /opt/jdk1.8.0_131/jre/lib/amd64/libprism_sw.so
7f7698633000-7f7698659000 r--p 00000000 08:01 3282789                    /usr/share/locale/fr/LC_MESSAGES/libc.mo
7f7698659000-7f7698667000 r--p 00000000 08:01 3277110                    /usr/lib/x86_64-linux-gnu/libtinfo.so.6.1
7f7698667000-7f7698675000 r-xp 0000e000 08:01 3277110                    /usr/lib/x86_64-linux-gnu/libtinfo.so.6.1
7f7698675000-7f7698682000 r--p 0001c000 08:01 3277110                    /usr/lib/x86_64-linux-gnu/libtinfo.so.6.1
7f7698682000-7f7698686000 r--p 00028000 08:01 3277110                    /usr/lib/x86_64-linux-gnu/libtinfo.so.6.1
7f7698686000-7f7698687000 rw-p 0002c000 08:01 3277110                    /usr/lib/x86_64-linux-gnu/libtinfo.so.6.1
7f7698687000-7f769868f000 r--p 00000000 08:01 3285692                    /usr/lib/x86_64-linux-gnu/libedit.so.2.0.59
7f769868f000-7f76986a9000 r-xp 00008000 08:01 3285692                    /usr/lib/x86_64-linux-gnu/libedit.so.2.0.59
7f76986a9000-7f76986b7000 r--p 00022000 08:01 3285692                    /usr/lib/x86_64-linux-gnu/libedit.so.2.0.59
7f76986b7000-7f76986b9000 r--p 0002f000 08:01 3285692                    /usr/lib/x86_64-linux-gnu/libedit.so.2.0.59
7f76986b9000-7f76986ba000 rw-p 00031000 08:01 3285692                    /usr/lib/x86_64-linux-gnu/libedit.so.2.0.59
7f76986ba000-7f76986be000 rw-p 00000000 00:00 0 
7f76986be000-7f76986c0000 r--p 00000000 08:01 3287932                    /usr/lib/x86_64-linux-gnu/libdrm_nouveau.so.2.0.0
7f76986c0000-7f76986c5000 r-xp 00002000 08:01 3287932                    /usr/lib/x86_64-linux-gnu/libdrm_nouveau.so.2.0.0
7f76986c5000-7f76986c7000 r--p 00007000 08:01 3287932                    /usr/lib/x86_64-linux-gnu/libdrm_nouveau.so.2.0.0
7f76986c7000-7f76986c8000 r--p 00008000 08:01 3287932                    /usr/lib/x86_64-linux-gnu/libdrm_nouveau.so.2.0.0
7f76986c8000-7f76986c9000 rw-p 00009000 08:01 3287932                    /usr/lib/x86_64-linux-gnu/libdrm_nouveau.so.2.0.0
7f76986c9000-7f76986cc000 r--p 00000000 08:01 3287926                    /usr/lib/x86_64-linux-gnu/libdrm_amdgpu.so.1.0.0
7f76986cc000-7f76986d1000 r-xp 00003000 08:01 3287926                    /usr/lib/x86_64-linux-gnu/libdrm_amdgpu.so.1.0.0
7f76986d1000-7f76986d3000 r--p 00008000 08:01 3287926                    /usr/lib/x86_64-linux-gnu/libdrm_amdgpu.so.1.0.0
7f76986d3000-7f76986d4000 r--p 00009000 08:01 3287926                    /usr/lib/x86_64-linux-gnu/libdrm_amdgpu.so.1.0.0
7f76986d4000-7f76986d5000 rw-p 0000a000 08:01 3287926                    /usr/lib/x86_64-linux-gnu/libdrm_amdgpu.so.1.0.0
7f76986d5000-7f76986d8000 r--p 00000000 08:01 3281822                    /usr/lib/x86_64-linux-gnu/libelf-0.176.so
7f76986d8000-7f76986ea000 r-xp 00003000 08:01 3281822                    /usr/lib/x86_64-linux-gnu/libelf-0.176.so
7f76986ea000-7f76986ee000 r--p 00015000 08:01 3281822                    /usr/lib/x86_64-linux-gnu/libelf-0.176.so
7f76986ee000-7f76986ef000 ---p 00019000 08:01 3281822                    /usr/lib/x86_64-linux-gnu/libelf-0.176.so
7f76986ef000-7f76986f0000 r--p 00019000 08:01 3281822                    /usr/lib/x86_64-linux-gnu/libelf-0.176.so
7f76986f0000-7f76986f1000 rw-p 0001a000 08:01 3281822                    /usr/lib/x86_64-linux-gnu/libelf-0.176.so
7f76986f1000-7f76986f3000 r--p 00000000 08:01 3287935                    /usr/lib/x86_64-linux-gnu/libdrm_radeon.so.1.0.1
7f76986f3000-7f76986fb000 r-xp 00002000 08:01 3287935                    /usr/lib/x86_64-linux-gnu/libdrm_radeon.so.1.0.1
7f76986fb000-7f76986fd000 r--p 0000a000 08:01 3287935                    /usr/lib/x86_64-linux-gnu/libdrm_radeon.so.1.0.1
7f76986fd000-7f76986fe000 r--p 0000b000 08:01 3287935                    /usr/lib/x86_64-linux-gnu/libdrm_radeon.so.1.0.1
7f76986fe000-7f76986ff000 rw-p 0000c000 08:01 3287935                    /usr/lib/x86_64-linux-gnu/libdrm_radeon.so.1.0.1
7f76986ff000-7f7698702000 r--p 00000000 08:01 3287940                    /usr/lib/x86_64-linux-gnu/libsensors.so.5.0.0
7f7698702000-7f7698709000 r-xp 00003000 08:01 3287940                    /usr/lib/x86_64-linux-gnu/libsensors.so.5.0.0
7f7698709000-7f769870e000 r--p 0000a000 08:01 3287940                    /usr/lib/x86_64-linux-gnu/libsensors.so.5.0.0
7f769870e000-7f769870f000 r--p 0000e000 08:01 3287940                    /usr/lib/x86_64-linux-gnu/libsensors.so.5.0.0
7f769870f000-7f7698710000 rw-p 0000f000 08:01 3287940                    /usr/lib/x86_64-linux-gnu/libsensors.so.5.0.0
7f7698710000-7f769bca3000 r-xp 00000000 08:01 3287937                    /usr/lib/x86_64-linux-gnu/libLLVM-7.so.1
7f769bca3000-7f769c095000 r--p 03592000 08:01 3287937                    /usr/lib/x86_64-linux-gnu/libLLVM-7.so.1
7f769c095000-7f769c0c1000 rw-p 03984000 08:01 3287937                    /usr/lib/x86_64-linux-gnu/libLLVM-7.so.1
7f769c0c1000-7f769c125000 rw-p 00000000 00:00 0 
7f769c125000-7f769c1ab000 r--p 00000000 08:01 3287944                    /usr/lib/x86_64-linux-gnu/dri/swrast_dri.so
7f769c1ab000-7f769c9da000 r-xp 00086000 08:01 3287944                    /usr/lib/x86_64-linux-gnu/dri/swrast_dri.so
7f769c9da000-7f769cc81000 r--p 008b5000 08:01 3287944                    /usr/lib/x86_64-linux-gnu/dri/swrast_dri.so
7f769cc81000-7f769cc82000 ---p 00b5c000 08:01 3287944                    /usr/lib/x86_64-linux-gnu/dri/swrast_dri.so
7f769cc82000-7f769ccec000 r--p 00b5c000 08:01 3287944                    /usr/lib/x86_64-linux-gnu/dri/swrast_dri.so
7f769ccec000-7f769ccf5000 rw-p 00bc6000 08:01 3287944                    /usr/lib/x86_64-linux-gnu/dri/swrast_dri.so
7f769ccf5000-7f769ceee000 rw-p 00000000 00:00 0 
7f769ceee000-7f769ceef000 r-xp 00000000 08:01 3287916                    /usr/lib/x86_64-linux-gnu/libxshmfence.so.1.0.0
7f769ceef000-7f769d0ee000 ---p 00001000 08:01 3287916                    /usr/lib/x86_64-linux-gnu/libxshmfence.so.1.0.0
7f769d0ee000-7f769d0ef000 r--p 00000000 08:01 3287916                    /usr/lib/x86_64-linux-gnu/libxshmfence.so.1.0.0
7f769d0ef000-7f769d0f0000 rw-p 00001000 08:01 3287916                    /usr/lib/x86_64-linux-gnu/libxshmfence.so.1.0.0
7f769d0f0000-7f769d0f3000 r--p 00000000 08:01 3287912                    /usr/lib/x86_64-linux-gnu/libxcb-sync.so.1.0.0
7f769d0f3000-7f769d0f6000 r-xp 00003000 08:01 3287912                    /usr/lib/x86_64-linux-gnu/libxcb-sync.so.1.0.0
7f769d0f6000-7f769d0f7000 r--p 00006000 08:01 3287912                    /usr/lib/x86_64-linux-gnu/libxcb-sync.so.1.0.0
7f769d0f7000-7f769d0f8000 ---p 00007000 08:01 3287912                    /usr/lib/x86_64-linux-gnu/libxcb-sync.so.1.0.0
7f769d0f8000-7f769d0f9000 r--p 00007000 08:01 3287912                    /usr/lib/x86_64-linux-gnu/libxcb-sync.so.1.0.0
7f769d0f9000-7f769d0fa000 rw-p 00008000 08:01 3287912                    /usr/lib/x86_64-linux-gnu/libxcb-sync.so.1.0.0
7f769d0fa000-7f769d0fb000 r--p 00000000 08:01 3287910                    /usr/lib/x86_64-linux-gnu/libxcb-present.so.0.0.0
7f769d0fb000-7f769d0fc000 r-xp 00001000 08:01 3287910                    /usr/lib/x86_64-linux-gnu/libxcb-present.so.0.0.0
7f769d0fc000-7f769d0fd000 r--p 00002000 08:01 3287910                    /usr/lib/x86_64-linux-gnu/libxcb-present.so.0.0.0
7f769d0fd000-7f769d0fe000 r--p 00002000 08:01 3287910                    /usr/lib/x86_64-linux-gnu/libxcb-present.so.0.0.0
7f769d0fe000-7f769d0ff000 rw-p 00003000 08:01 3287910                    /usr/lib/x86_64-linux-gnu/libxcb-present.so.0.0.0
7f769d0ff000-7f769d101000 r--p 00000000 08:01 3287908                    /usr/lib/x86_64-linux-gnu/libxcb-dri3.so.0.0.0
7f769d101000-7f769d102000 r-xp 00002000 08:01 3287908                    /usr/lib/x86_64-linux-gnu/libxcb-dri3.so.0.0.0
7f769d102000-7f769d103000 r--p 00003000 08:01 3287908                    /usr/lib/x86_64-linux-gnu/libxcb-dri3.so.0.0.0
7f769d103000-7f769d104000 r--p 00003000 08:01 3287908                    /usr/lib/x86_64-linux-gnu/libxcb-dri3.so.0.0.0
7f769d104000-7f769d105000 rw-p 00004000 08:01 3287908                    /usr/lib/x86_64-linux-gnu/libxcb-dri3.so.0.0.0
7f769d105000-7f769d107000 r--p 00000000 08:01 3287906                    /usr/lib/x86_64-linux-gnu/libxcb-dri2.so.0.0.0
7f769d107000-7f769d109000 r-xp 00002000 08:01 3287906                    /usr/lib/x86_64-linux-gnu/libxcb-dri2.so.0.0.0
7f769d109000-7f769d10a000 r--p 00004000 08:01 3287906                    /usr/lib/x86_64-linux-gnu/libxcb-dri2.so.0.0.0
7f769d10a000-7f769d10b000 r--p 00004000 08:01 3287906                    /usr/lib/x86_64-linux-gnu/libxcb-dri2.so.0.0.0
7f769d10b000-7f769d10c000 rw-p 00005000 08:01 3287906                    /usr/lib/x86_64-linux-gnu/libxcb-dri2.so.0.0.0
7f769d10c000-7f769d10d000 r--p 00000000 08:01 3287904                    /usr/lib/x86_64-linux-gnu/libX11-xcb.so.1.0.0
7f769d10d000-7f769d10e000 r-xp 00001000 08:01 3287904                    /usr/lib/x86_64-linux-gnu/libX11-xcb.so.1.0.0
7f769d10e000-7f769d10f000 r--p 00002000 08:01 3287904                    /usr/lib/x86_64-linux-gnu/libX11-xcb.so.1.0.0
7f769d10f000-7f769d110000 r--p 00002000 08:01 3287904                    /usr/lib/x86_64-linux-gnu/libX11-xcb.so.1.0.0
7f769d110000-7f769d111000 rw-p 00003000 08:01 3287904                    /usr/lib/x86_64-linux-gnu/libX11-xcb.so.1.0.0
7f769d111000-7f769d11c000 r--p 00000000 08:01 3287922                    /usr/lib/x86_64-linux-gnu/libxcb-glx.so.0.0.0
7f769d11c000-7f769d125000 r-xp 0000b000 08:01 3287922                    /usr/lib/x86_64-linux-gnu/libxcb-glx.so.0.0.0
7f769d125000-7f769d12a000 r--p 00014000 08:01 3287922                    /usr/lib/x86_64-linux-gnu/libxcb-glx.so.0.0.0
7f769d12a000-7f769d12b000 ---p 00019000 08:01 3287922                    /usr/lib/x86_64-linux-gnu/libxcb-glx.so.0.0.0
7f769d12b000-7f769d12d000 r--p 00019000 08:01 3287922                    /usr/lib/x86_64-linux-gnu/libxcb-glx.so.0.0.0
7f769d12d000-7f769d12e000 rw-p 0001b000 08:01 3287922                    /usr/lib/x86_64-linux-gnu/libxcb-glx.so.0.0.0
7f769d12e000-7f769d132000 r--p 00000000 08:01 3287891                    /usr/lib/x86_64-linux-gnu/libdrm.so.2.4.0
7f769d132000-7f769d13b000 r-xp 00004000 08:01 3287891                    /usr/lib/x86_64-linux-gnu/libdrm.so.2.4.0
7f769d13b000-7f769d13e000 r--p 0000d000 08:01 3287891                    /usr/lib/x86_64-linux-gnu/libdrm.so.2.4.0
7f769d13e000-7f769d13f000 ---p 00010000 08:01 3287891                    /usr/lib/x86_64-linux-gnu/libdrm.so.2.4.0
7f769d13f000-7f769d140000 r--p 00010000 08:01 3287891                    /usr/lib/x86_64-linux-gnu/libdrm.so.2.4.0
7f769d140000-7f769d141000 rw-p 00011000 08:01 3287891                    /usr/lib/x86_64-linux-gnu/libdrm.so.2.4.0
7f769d141000-7f769d14c000 r--p 00000000 08:01 3287901                    /usr/lib/x86_64-linux-gnu/libglapi.so.0.0.0
7f769d14c000-7f769d158000 r-xp 0000b000 08:01 3287901                    /usr/lib/x86_64-linux-gnu/libglapi.so.0.0.0
7f769d158000-7f769d16e000 r--p 00017000 08:01 3287901                    /usr/lib/x86_64-linux-gnu/libglapi.so.0.0.0
7f769d16e000-7f769d172000 r--p 0002c000 08:01 3287901                    /usr/lib/x86_64-linux-gnu/libglapi.so.0.0.0
7f769d172000-7f769d173000 rw-p 00030000 08:01 3287901                    /usr/lib/x86_64-linux-gnu/libglapi.so.0.0.0
7f769d173000-7f769d174000 rw-p 00000000 00:00 0 
7f769d174000-7f769d18d000 r--p 00000000 08:01 3287945                    /usr/lib/x86_64-linux-gnu/libGLX_mesa.so.0.0.0
7f769d18d000-7f769d1d0000 r-xp 00019000 08:01 3287945                    /usr/lib/x86_64-linux-gnu/libGLX_mesa.so.0.0.0
7f769d1d0000-7f769d1e8000 r--p 0005c000 08:01 3287945                    /usr/lib/x86_64-linux-gnu/libGLX_mesa.so.0.0.0
7f769d1e8000-7f769d1eb000 r--p 00073000 08:01 3287945                    /usr/lib/x86_64-linux-gnu/libGLX_mesa.so.0.0.0
7f769d1eb000-7f769d1ec000 rw-p 00076000 08:01 3287945                    /usr/lib/x86_64-linux-gnu/libGLX_mesa.so.0.0.0
7f769d1ec000-7f769d1ed000 rw-p 00000000 00:00 0 
7f769d1ed000-7f769d1f1000 r--p 00000000 08:01 3281733                    /usr/lib/x86_64-linux-gnu/libbsd.so.0.9.1
7f769d1f1000-7f769d200000 r-xp 00004000 08:01 3281733                    /usr/lib/x86_64-linux-gnu/libbsd.so.0.9.1
7f769d200000-7f769d203000 r--p 00013000 08:01 3281733                    /usr/lib/x86_64-linux-gnu/libbsd.so.0.9.1
7f769d203000-7f769d204000 ---p 00016000 08:01 3281733                    /usr/lib/x86_64-linux-gnu/libbsd.so.0.9.1
7f769d204000-7f769d205000 r--p 00016000 08:01 3281733                    /usr/lib/x86_64-linux-gnu/libbsd.so.0.9.1
7f769d205000-7f769d206000 rw-p 00017000 08:01 3281733                    /usr/lib/x86_64-linux-gnu/libbsd.so.0.9.1
7f769d206000-7f769d207000 rw-p 00000000 00:00 0 
7f769d207000-7f769d209000 r--p 00000000 08:01 3286208                    /usr/lib/x86_64-linux-gnu/libdatrie.so.1.3.5
7f769d209000-7f769d20d000 r-xp 00002000 08:01 3286208                    /usr/lib/x86_64-linux-gnu/libdatrie.so.1.3.5
7f769d20d000-7f769d20f000 r--p 00006000 08:01 3286208                    /usr/lib/x86_64-linux-gnu/libdatrie.so.1.3.5
7f769d20f000-7f769d210000 r--p 00007000 08:01 3286208                    /usr/lib/x86_64-linux-gnu/libdatrie.so.1.3.5
7f769d210000-7f769d211000 rw-p 00008000 08:01 3286208                    /usr/lib/x86_64-linux-gnu/libdatrie.so.1.3.5
7f769d211000-7f769d216000 r-xp 00000000 08:01 3284027                    /usr/lib/x86_64-linux-gnu/libXdmcp.so.6.0.0
7f769d216000-7f769d415000 ---p 00005000 08:01 3284027                    /usr/lib/x86_64-linux-gnu/libXdmcp.so.6.0.0
7f769d415000-7f769d416000 r--p 00004000 08:01 3284027                    /usr/lib/x86_64-linux-gnu/libXdmcp.so.6.0.0
7f769d416000-7f769d417000 rw-p 00005000 08:01 3284027                    /usr/lib/x86_64-linux-gnu/libXdmcp.so.6.0.0
7f769d417000-7f769d419000 r-xp 00000000 08:01 3284025                    /usr/lib/x86_64-linux-gnu/libXau.so.6.0.0
7f769d419000-7f769d619000 ---p 00002000 08:01 3284025                    /usr/lib/x86_64-linux-gnu/libXau.so.6.0.0
7f769d619000-7f769d61a000 r--p 00002000 08:01 3284025                    /usr/lib/x86_64-linux-gnu/libXau.so.6.0.0
7f769d61a000-7f769d61b000 rw-p 00003000 08:01 3284025                    /usr/lib/x86_64-linux-gnu/libXau.so.6.0.0
7f769d61b000-7f769d61e000 r--p 00000000 08:01 3286214                    /usr/lib/x86_64-linux-gnu/libgraphite2.so.3.2.1
7f769d61e000-7f769d640000 r-xp 00003000 08:01 3286214                    /usr/lib/x86_64-linux-gnu/libgraphite2.so.3.2.1
7f769d640000-7f769d645000 r--p 00025000 08:01 3286214                    /usr/lib/x86_64-linux-gnu/libgraphite2.so.3.2.1
7f769d645000-7f769d647000 r--p 00029000 08:01 3286214                    /usr/lib/x86_64-linux-gnu/libgraphite2.so.3.2.1
7f769d647000-7f769d648000 rw-p 0002b000 08:01 3286214                    /usr/lib/x86_64-linux-gnu/libgraphite2.so.3.2.1
7f769d648000-7f769d652000 r--p 00000000 08:01 3278564                    /usr/lib/x86_64-linux-gnu/libblkid.so.1.1.0
7f769d652000-7f769d686000 r-xp 0000a000 08:01 3278564                    /usr/lib/x86_64-linux-gnu/libblkid.so.1.1.0
7f769d686000-7f769d696000 r--p 0003e000 08:01 3278564                    /usr/lib/x86_64-linux-gnu/libblkid.so.1.1.0
7f769d696000-7f769d697000 ---p 0004e000 08:01 3278564                    /usr/lib/x86_64-linux-gnu/libblkid.so.1.1.0
7f769d697000-7f769d69c000 r--p 0004e000 08:01 3278564                    /usr/lib/x86_64-linux-gnu/libblkid.so.1.1.0
7f769d69c000-7f769d69d000 rw-p 00053000 08:01 3278564                    /usr/lib/x86_64-linux-gnu/libblkid.so.1.1.0
7f769d69d000-7f769d6dd000 r--p 00000000 08:01 3287893                    /usr/lib/x86_64-linux-gnu/libGLdispatch.so.0.0.0
7f769d6dd000-7f769d6fc000 r-xp 00040000 08:01 3287893                    /usr/lib/x86_64-linux-gnu/libGLdispatch.so.0.0.0
7f769d6fc000-7f769d70f000 r--p 0005f000 08:01 3287893                    /usr/lib/x86_64-linux-gnu/libGLdispatch.so.0.0.0
7f769d70f000-7f769d710000 ---p 00072000 08:01 3287893                    /usr/lib/x86_64-linux-gnu/libGLdispatch.so.0.0.0
7f769d710000-7f769d739000 r--p 00072000 08:01 3287893                    /usr/lib/x86_64-linux-gnu/libGLdispatch.so.0.0.0
7f769d739000-7f769d73a000 rw-p 0009b000 08:01 3287893                    /usr/lib/x86_64-linux-gnu/libGLdispatch.so.0.0.0
7f769d73a000-7f769d75a000 rw-p 00000000 00:00 0 
7f769d75a000-7f769d75d000 r--p 00000000 08:01 3287948                    /usr/lib/x86_64-linux-gnu/libGLX.so.0.0.0
7f769d75d000-7f769d768000 r-xp 00003000 08:01 3287948                    /usr/lib/x86_64-linux-gnu/libGLX.so.0.0.0
7f769d768000-7f769d76b000 r--p 0000e000 08:01 3287948                    /usr/lib/x86_64-linux-gnu/libGLX.so.0.0.0
7f769d76b000-7f769d76c000 ---p 00011000 08:01 3287948                    /usr/lib/x86_64-linux-gnu/libGLX.so.0.0.0
7f769d76c000-7f769d76d000 r--p 00011000 08:01 3287948                    /usr/lib/x86_64-linux-gnu/libGLX.so.0.0.0
7f769d76d000-7f769d76e000 rw-p 00012000 08:01 3287948                    /usr/lib/x86_64-linux-gnu/libGLX.so.0.0.0
7f769d76e000-7f769d78e000 rw-p 00000000 00:00 0 
7f769d78e000-7f769d790000 r--p 00000000 08:01 3277207                    /usr/lib/x86_64-linux-gnu/libpcre.so.3.13.3
7f769d790000-7f769d7e2000 r-xp 00002000 08:01 3277207                    /usr/lib/x86_64-linux-gnu/libpcre.so.3.13.3
7f769d7e2000-7f769d800000 r--p 00054000 08:01 3277207                    /usr/lib/x86_64-linux-gnu/libpcre.so.3.13.3
7f769d800000-7f769d801000 r--p 00071000 08:01 3277207                    /usr/lib/x86_64-linux-gnu/libpcre.so.3.13.3
7f769d801000-7f769d802000 rw-p 00072000 08:01 3277207                    /usr/lib/x86_64-linux-gnu/libpcre.so.3.13.3
7f769d802000-7f769d804000 r--p 00000000 08:01 3277888                    /usr/lib/x86_64-linux-gnu/libffi.so.6.0.4
7f769d804000-7f769d809000 r-xp 00002000 08:01 3277888                    /usr/lib/x86_64-linux-gnu/libffi.so.6.0.4
7f769d809000-7f769d80a000 r--p 00007000 08:01 3277888                    /usr/lib/x86_64-linux-gnu/libffi.so.6.0.4
7f769d80a000-7f769d80b000 r--p 00007000 08:01 3277888                    /usr/lib/x86_64-linux-gnu/libffi.so.6.0.4
7f769d80b000-7f769d80c000 rw-p 00008000 08:01 3277888                    /usr/lib/x86_64-linux-gnu/libffi.so.6.0.4
7f769d80c000-7f769d80e000 r--p 00000000 08:01 3277113                    /usr/lib/x86_64-linux-gnu/libuuid.so.1.3.0
7f769d80e000-7f769d812000 r-xp 00002000 08:01 3277113                    /usr/lib/x86_64-linux-gnu/libuuid.so.1.3.0
7f769d812000-7f769d813000 r--p 00006000 08:01 3277113                    /usr/lib/x86_64-linux-gnu/libuuid.so.1.3.0
7f769d813000-7f769d814000 r--p 00006000 08:01 3277113                    /usr/lib/x86_64-linux-gnu/libuuid.so.1.3.0
7f769d814000-7f769d815000 rw-p 00007000 08:01 3277113                    /usr/lib/x86_64-linux-gnu/libuuid.so.1.3.0
7f769d815000-7f769d819000 r--p 00000000 08:01 3282865                    /usr/lib/x86_64-linux-gnu/libexpat.so.1.6.8
7f769d819000-7f769d83a000 r-xp 00004000 08:01 3282865                    /usr/lib/x86_64-linux-gnu/libexpat.so.1.6.8
7f769d83a000-7f769d84e000 r--p 00025000 08:01 3282865                    /usr/lib/x86_64-linux-gnu/libexpat.so.1.6.8
7f769d84e000-7f769d84f000 ---p 00039000 08:01 3282865                    /usr/lib/x86_64-linux-gnu/libexpat.so.1.6.8
7f769d84f000-7f769d851000 r--p 00039000 08:01 3282865                    /usr/lib/x86_64-linux-gnu/libexpat.so.1.6.8
7f769d851000-7f769d852000 rw-p 0003b000 08:01 3282865                    /usr/lib/x86_64-linux-gnu/libexpat.so.1.6.8
7f769d852000-7f769d854000 r--p 00000000 08:01 3286206                    /usr/lib/x86_64-linux-gnu/libfribidi.so.0.4.0
7f769d854000-7f769d858000 r-xp 00002000 08:01 3286206                    /usr/lib/x86_64-linux-gnu/libfribidi.so.0.4.0
7f769d858000-7f769d86d000 r--p 00006000 08:01 3286206                    /usr/lib/x86_64-linux-gnu/libfribidi.so.0.4.0
7f769d86d000-7f769d86e000 r--p 0001a000 08:01 3286206                    /usr/lib/x86_64-linux-gnu/libfribidi.so.0.4.0
7f769d86e000-7f769d86f000 rw-p 0001b000 08:01 3286206                    /usr/lib/x86_64-linux-gnu/libfribidi.so.0.4.0
7f769d86f000-7f769d871000 r--p 00000000 08:01 3286210                    /usr/lib/x86_64-linux-gnu/libthai.so.0.3.1
7f769d871000-7f769d875000 r-xp 00002000 08:01 3286210                    /usr/lib/x86_64-linux-gnu/libthai.so.0.3.1
7f769d875000-7f769d878000 r--p 00006000 08:01 3286210                    /usr/lib/x86_64-linux-gnu/libthai.so.0.3.1
7f769d878000-7f769d879000 r--p 00008000 08:01 3286210                    /usr/lib/x86_64-linux-gnu/libthai.so.0.3.1
7f769d879000-7f769d87a000 rw-p 00009000 08:01 3286210                    /usr/lib/x86_64-linux-gnu/libthai.so.0.3.1
7f769d87a000-7f769d87f000 r--p 00000000 08:01 3286176                    /usr/lib/x86_64-linux-gnu/libxcb-render.so.0.0.0
7f769d87f000-7f769d884000 r-xp 00005000 08:01 3286176                    /usr/lib/x86_64-linux-gnu/libxcb-render.so.0.0.0
7f769d884000-7f769d886000 r--p 0000a000 08:01 3286176                    /usr/lib/x86_64-linux-gnu/libxcb-render.so.0.0.0
7f769d886000-7f769d887000 ---p 0000c000 08:01 3286176                    /usr/lib/x86_64-linux-gnu/libxcb-render.so.0.0.0
7f769d887000-7f769d888000 r--p 0000c000 08:01 3286176                    /usr/lib/x86_64-linux-gnu/libxcb-render.so.0.0.0
7f769d888000-7f769d889000 rw-p 0000d000 08:01 3286176                    /usr/lib/x86_64-linux-gnu/libxcb-render.so.0.0.0
7f769d889000-7f769d895000 r--p 00000000 08:01 3284029                    /usr/lib/x86_64-linux-gnu/libxcb.so.1.1.0
7f769d895000-7f769d8a8000 r-xp 0000c000 08:01 3284029                    /usr/lib/x86_64-linux-gnu/libxcb.so.1.1.0
7f769d8a8000-7f769d8b1000 r--p 0001f000 08:01 3284029                    /usr/lib/x86_64-linux-gnu/libxcb.so.1.1.0
7f769d8b1000-7f769d8b2000 r--p 00027000 08:01 3284029                    /usr/lib/x86_64-linux-gnu/libxcb.so.1.1.0
7f769d8b2000-7f769d8b3000 rw-p 00028000 08:01 3284029                    /usr/lib/x86_64-linux-gnu/libxcb.so.1.1.0
7f769d8b3000-7f769d8b9000 r--p 00000000 08:01 3283969                    /usr/lib/x86_64-linux-gnu/libpng16.so.16.36.0
7f769d8b9000-7f769d8de000 r-xp 00006000 08:01 3283969                    /usr/lib/x86_64-linux-gnu/libpng16.so.16.36.0
7f769d8de000-7f769d8ea000 r--p 0002b000 08:01 3283969                    /usr/lib/x86_64-linux-gnu/libpng16.so.16.36.0
7f769d8ea000-7f769d8eb000 r--p 00036000 08:01 3283969                    /usr/lib/x86_64-linux-gnu/libpng16.so.16.36.0
7f769d8eb000-7f769d8ec000 rw-p 00037000 08:01 3283969                    /usr/lib/x86_64-linux-gnu/libpng16.so.16.36.0
7f769d8ec000-7f769d8f6000 r--p 00000000 08:01 3286173                    /usr/lib/x86_64-linux-gnu/libpixman-1.so.0.36.0
7f769d8f6000-7f769d979000 r-xp 0000a000 08:01 3286173                    /usr/lib/x86_64-linux-gnu/libpixman-1.so.0.36.0
7f769d979000-7f769d989000 r--p 0008d000 08:01 3286173                    /usr/lib/x86_64-linux-gnu/libpixman-1.so.0.36.0
7f769d989000-7f769d991000 r--p 0009c000 08:01 3286173                    /usr/lib/x86_64-linux-gnu/libpixman-1.so.0.36.0
7f769d991000-7f769d992000 rw-p 000a4000 08:01 3286173                    /usr/lib/x86_64-linux-gnu/libpixman-1.so.0.36.0
7f769d992000-7f769d99b000 r--p 00000000 08:01 3286217                    /usr/lib/x86_64-linux-gnu/libharfbuzz.so.0.20301.0
7f769d99b000-7f769da44000 r-xp 00009000 08:01 3286217                    /usr/lib/x86_64-linux-gnu/libharfbuzz.so.0.20301.0
7f769da44000-7f769da88000 r--p 000b2000 08:01 3286217                    /usr/lib/x86_64-linux-gnu/libharfbuzz.so.0.20301.0
7f769da88000-7f769da89000 r--p 000f5000 08:01 3286217                    /usr/lib/x86_64-linux-gnu/libharfbuzz.so.0.20301.0
7f769da89000-7f769da8a000 rw-p 000f6000 08:01 3286217                    /usr/lib/x86_64-linux-gnu/libharfbuzz.so.0.20301.0
7f769da8a000-7f769da8d000 rw-p 00000000 00:00 0 
7f769da8d000-7f769da91000 r--p 00000000 08:01 3277498                    /usr/lib/x86_64-linux-gnu/libresolv-2.28.so
7f769da91000-7f769da9e000 r-xp 00004000 08:01 3277498                    /usr/lib/x86_64-linux-gnu/libresolv-2.28.so
7f769da9e000-7f769daa2000 r--p 00011000 08:01 3277498                    /usr/lib/x86_64-linux-gnu/libresolv-2.28.so
7f769daa2000-7f769daa3000 ---p 00015000 08:01 3277498                    /usr/lib/x86_64-linux-gnu/libresolv-2.28.so
7f769daa3000-7f769daa4000 r--p 00015000 08:01 3277498                    /usr/lib/x86_64-linux-gnu/libresolv-2.28.so
7f769daa4000-7f769daa5000 rw-p 00016000 08:01 3277498                    /usr/lib/x86_64-linux-gnu/libresolv-2.28.so
7f769daa5000-7f769daa7000 rw-p 00000000 00:00 0 
7f769daa7000-7f769dacc000 r-xp 00000000 08:01 3279049                    /usr/lib/x86_64-linux-gnu/libselinux.so.1
7f769dacc000-7f769dccb000 ---p 00025000 08:01 3279049                    /usr/lib/x86_64-linux-gnu/libselinux.so.1
7f769dccb000-7f769dccc000 r--p 00024000 08:01 3279049                    /usr/lib/x86_64-linux-gnu/libselinux.so.1
7f769dccc000-7f769dccd000 rw-p 00025000 08:01 3279049                    /usr/lib/x86_64-linux-gnu/libselinux.so.1
7f769dccd000-7f769dccf000 rw-p 00000000 00:00 0 
7f769dccf000-7f769dcdb000 r--p 00000000 08:01 3278638                    /usr/lib/x86_64-linux-gnu/libmount.so.1.1.0
7f769dcdb000-7f769dd17000 r-xp 0000c000 08:01 3278638                    /usr/lib/x86_64-linux-gnu/libmount.so.1.1.0
7f769dd17000-7f769dd29000 r--p 00048000 08:01 3278638                    /usr/lib/x86_64-linux-gnu/libmount.so.1.1.0
7f769dd29000-7f769dd2a000 ---p 0005a000 08:01 3278638                    /usr/lib/x86_64-linux-gnu/libmount.so.1.1.0
7f769dd2a000-7f769dd2d000 r--p 0005a000 08:01 3278638                    /usr/lib/x86_64-linux-gnu/libmount.so.1.1.0
7f769dd2d000-7f769dd2e000 rw-p 0005d000 08:01 3278638                    /usr/lib/x86_64-linux-gnu/libmount.so.1.1.0
7f769dd2e000-7f769dd4a000 r-xp 00000000 08:01 3279055                    /usr/lib/x86_64-linux-gnu/libz.so.1.2.11
7f769dd4a000-7f769df4a000 ---p 0001c000 08:01 3279055                    /usr/lib/x86_64-linux-gnu/libz.so.1.2.11
7f769df4a000-7f769df4b000 r--p 0001c000 08:01 3279055                    /usr/lib/x86_64-linux-gnu/libz.so.1.2.11
7f769df4b000-7f769df4c000 rw-p 0001d000 08:01 3279055                    /usr/lib/x86_64-linux-gnu/libz.so.1.2.11
7f769df4c000-7f769df5d000 r-xp 00000000 08:01 3284036                    /usr/lib/x86_64-linux-gnu/libXext.so.6.4.0
7f769df5d000-7f769e15c000 ---p 00011000 08:01 3284036                    /usr/lib/x86_64-linux-gnu/libXext.so.6.4.0
7f769e15c000-7f769e15d000 r--p 00010000 08:01 3284036                    /usr/lib/x86_64-linux-gnu/libXext.so.6.4.0
7f769e15d000-7f769e15e000 rw-p 00011000 08:01 3284036                    /usr/lib/x86_64-linux-gnu/libXext.so.6.4.0
7f769e15e000-7f769e161000 r--p 00000000 08:01 3286742                    /usr/lib/x86_64-linux-gnu/libXcursor.so.1.0.2
7f769e161000-7f769e167000 r-xp 00003000 08:01 3286742                    /usr/lib/x86_64-linux-gnu/libXcursor.so.1.0.2
7f769e167000-7f769e169000 r--p 00009000 08:01 3286742                    /usr/lib/x86_64-linux-gnu/libXcursor.so.1.0.2
7f769e169000-7f769e16a000 r--p 0000a000 08:01 3286742                    /usr/lib/x86_64-linux-gnu/libXcursor.so.1.0.2
7f769e16a000-7f769e16b000 rw-p 0000b000 08:01 3286742                    /usr/lib/x86_64-linux-gnu/libXcursor.so.1.0.2
7f769e16b000-7f769e175000 r-xp 00000000 08:01 3286752                    /usr/lib/x86_64-linux-gnu/libXrandr.so.2.2.0
7f769e175000-7f769e374000 ---p 0000a000 08:01 3286752                    /usr/lib/x86_64-linux-gnu/libXrandr.so.2.2.0
7f769e374000-7f769e375000 r--p 00009000 08:01 3286752                    /usr/lib/x86_64-linux-gnu/libXrandr.so.2.2.0
7f769e375000-7f769e376000 rw-p 0000a000 08:01 3286752                    /usr/lib/x86_64-linux-gnu/libXrandr.so.2.2.0
7f769e376000-7f769e385000 r-xp 00000000 08:01 3286746                    /usr/lib/x86_64-linux-gnu/libXi.so.6.1.0
7f769e385000-7f769e584000 ---p 0000f000 08:01 3286746                    /usr/lib/x86_64-linux-gnu/libXi.so.6.1.0
7f769e584000-7f769e585000 r--p 0000e000 08:01 3286746                    /usr/lib/x86_64-linux-gnu/libXi.so.6.1.0
7f769e585000-7f769e586000 rw-p 0000f000 08:01 3286746                    /usr/lib/x86_64-linux-gnu/libXi.so.6.1.0
7f769e586000-7f769e58f000 r-xp 00000000 08:01 3286180                    /usr/lib/x86_64-linux-gnu/libXrender.so.1.3.0
7f769e58f000-7f769e78e000 ---p 00009000 08:01 3286180                    /usr/lib/x86_64-linux-gnu/libXrender.so.1.3.0
7f769e78e000-7f769e78f000 r--p 00008000 08:01 3286180                    /usr/lib/x86_64-linux-gnu/libXrender.so.1.3.0
7f769e78f000-7f769e790000 rw-p 00009000 08:01 3286180                    /usr/lib/x86_64-linux-gnu/libXrender.so.1.3.0
7f769e790000-7f769e795000 r-xp 00000000 08:01 3286740                    /usr/lib/x86_64-linux-gnu/libXfixes.so.3.1.0
7f769e795000-7f769e994000 ---p 00005000 08:01 3286740                    /usr/lib/x86_64-linux-gnu/libXfixes.so.3.1.0
7f769e994000-7f769e995000 r--p 00004000 08:01 3286740                    /usr/lib/x86_64-linux-gnu/libXfixes.so.3.1.0
7f769e995000-7f769e996000 rw-p 00005000 08:01 3286740                    /usr/lib/x86_64-linux-gnu/libXfixes.so.3.1.0
7f769e996000-7f769e998000 r-xp 00000000 08:01 3286738                    /usr/lib/x86_64-linux-gnu/libXcomposite.so.1.0.0
7f769e998000-7f769eb97000 ---p 00002000 08:01 3286738                    /usr/lib/x86_64-linux-gnu/libXcomposite.so.1.0.0
7f769eb97000-7f769eb98000 r--p 00001000 08:01 3286738                    /usr/lib/x86_64-linux-gnu/libXcomposite.so.1.0.0
7f769eb98000-7f769eb99000 rw-p 00002000 08:01 3286738                    /usr/lib/x86_64-linux-gnu/libXcomposite.so.1.0.0
7f769eb99000-7f769eb9c000 r--p 00000000 08:01 3276814                    /usr/lib/x86_64-linux-gnu/libgcc_s.so.1
7f769eb9c000-7f769ebad000 r-xp 00003000 08:01 3276814                    /usr/lib/x86_64-linux-gnu/libgcc_s.so.1
7f769ebad000-7f769ebb0000 r--p 00014000 08:01 3276814                    /usr/lib/x86_64-linux-gnu/libgcc_s.so.1
7f769ebb0000-7f769ebb1000 ---p 00017000 08:01 3276814                    /usr/lib/x86_64-linux-gnu/libgcc_s.so.1
7f769ebb1000-7f769ebb2000 r--p 00017000 08:01 3276814                    /usr/lib/x86_64-linux-gnu/libgcc_s.so.1
7f769ebb2000-7f769ebb3000 rw-p 00018000 08:01 3276814                    /usr/lib/x86_64-linux-gnu/libgcc_s.so.1
7f769ebb3000-7f769ec3c000 r--p 00000000 08:01 3277096                    /usr/lib/x86_64-linux-gnu/libstdc++.so.6.0.25
7f769ec3c000-7f769ece8000 r-xp 00089000 08:01 3277096                    /usr/lib/x86_64-linux-gnu/libstdc++.so.6.0.25
7f769ece8000-7f769ed26000 r--p 00135000 08:01 3277096                    /usr/lib/x86_64-linux-gnu/libstdc++.so.6.0.25
7f769ed26000-7f769ed27000 ---p 00173000 08:01 3277096                    /usr/lib/x86_64-linux-gnu/libstdc++.so.6.0.25
7f769ed27000-7f769ed31000 r--p 00173000 08:01 3277096                    /usr/lib/x86_64-linux-gnu/libstdc++.so.6.0.25
7f769ed31000-7f769ed33000 rw-p 0017d000 08:01 3277096                    /usr/lib/x86_64-linux-gnu/libstdc++.so.6.0.25
7f769ed33000-7f769ed37000 rw-p 00000000 00:00 0 
7f769ed37000-7f769ed7a000 r--p 00000000 08:01 3287950                    /usr/lib/x86_64-linux-gnu/libGL.so.1.7.0
7f769ed7a000-7f769ed99000 r-xp 00043000 08:01 3287950                    /usr/lib/x86_64-linux-gnu/libGL.so.1.7.0
7f769ed99000-7f769edae000 r--p 00062000 08:01 3287950                    /usr/lib/x86_64-linux-gnu/libGL.so.1.7.0
7f769edae000-7f769edaf000 ---p 00077000 08:01 3287950                    /usr/lib/x86_64-linux-gnu/libGL.so.1.7.0
7f769edaf000-7f769edc9000 r--p 00077000 08:01 3287950                    /usr/lib/x86_64-linux-gnu/libGL.so.1.7.0
7f769edc9000-7f769edca000 rw-p 00091000 08:01 3287950                    /usr/lib/x86_64-linux-gnu/libGL.so.1.7.0
7f769edca000-7f769edcb000 rw-p 00000000 00:00 0 
7f769edcb000-7f769edd0000 r-xp 00000000 08:01 3287924                    /usr/lib/x86_64-linux-gnu/libXxf86vm.so.1.0.0
7f769edd0000-7f769efcf000 ---p 00005000 08:01 3287924                    /usr/lib/x86_64-linux-gnu/libXxf86vm.so.1.0.0
7f769efcf000-7f769efd0000 r--p 00004000 08:01 3287924                    /usr/lib/x86_64-linux-gnu/libXxf86vm.so.1.0.0
7f769efd0000-7f769efd1000 rw-p 00005000 08:01 3287924                    /usr/lib/x86_64-linux-gnu/libXxf86vm.so.1.0.0
7f769efd1000-7f769efed000 r--p 00000000 08:01 3284033                    /usr/lib/x86_64-linux-gnu/libX11.so.6.3.0
7f769efed000-7f769f077000 r-xp 0001c000 08:01 3284033                    /usr/lib/x86_64-linux-gnu/libX11.so.6.3.0
7f769f077000-7f769f10b000 r--p 000a6000 08:01 3284033                    /usr/lib/x86_64-linux-gnu/libX11.so.6.3.0
7f769f10b000-7f769f10c000 ---p 0013a000 08:01 3284033                    /usr/lib/x86_64-linux-gnu/libX11.so.6.3.0
7f769f10c000-7f769f10d000 r--p 0013a000 08:01 3284033                    /usr/lib/x86_64-linux-gnu/libX11.so.6.3.0
7f769f10d000-7f769f112000 rw-p 0013b000 08:01 3284033                    /usr/lib/x86_64-linux-gnu/libX11.so.6.3.0
7f769f112000-7f769f117000 r-xp 00000000 08:01 3287225                    /usr/lib/x86_64-linux-gnu/libXtst.so.6.1.0
7f769f117000-7f769f316000 ---p 00005000 08:01 3287225                    /usr/lib/x86_64-linux-gnu/libXtst.so.6.1.0
7f769f316000-7f769f317000 r--p 00004000 08:01 3287225                    /usr/lib/x86_64-linux-gnu/libXtst.so.6.1.0
7f769f317000-7f769f318000 rw-p 00005000 08:01 3287225                    /usr/lib/x86_64-linux-gnu/libXtst.so.6.1.0
7f769f318000-7f769f333000 r--p 00000000 08:01 3284002                    /usr/lib/x86_64-linux-gnu/libglib-2.0.so.0.5800.3
7f769f333000-7f769f3b1000 r-xp 0001b000 08:01 3284002                    /usr/lib/x86_64-linux-gnu/libglib-2.0.so.0.5800.3
7f769f3b1000-7f769f433000 r--p 00099000 08:01 3284002                    /usr/lib/x86_64-linux-gnu/libglib-2.0.so.0.5800.3
7f769f433000-7f769f434000 ---p 0011b000 08:01 3284002                    /usr/lib/x86_64-linux-gnu/libglib-2.0.so.0.5800.3
7f769f434000-7f769f435000 r--p 0011b000 08:01 3284002                    /usr/lib/x86_64-linux-gnu/libglib-2.0.so.0.5800.3
7f769f435000-7f769f436000 rw-p 0011c000 08:01 3284002                    /usr/lib/x86_64-linux-gnu/libglib-2.0.so.0.5800.3
7f769f436000-7f769f437000 rw-p 00000000 00:00 0 
7f769f437000-7f769f442000 r--p 00000000 08:01 3284004                    /usr/lib/x86_64-linux-gnu/libgobject-2.0.so.0.5800.3
7f769f442000-7f769f474000 r-xp 0000b000 08:01 3284004                    /usr/lib/x86_64-linux-gnu/libgobject-2.0.so.0.5800.3
7f769f474000-7f769f48a000 r--p 0003d000 08:01 3284004                    /usr/lib/x86_64-linux-gnu/libgobject-2.0.so.0.5800.3
7f769f48a000-7f769f48b000 r--p 00052000 08:01 3284004                    /usr/lib/x86_64-linux-gnu/libgobject-2.0.so.0.5800.3
7f769f48b000-7f769f48c000 rw-p 00053000 08:01 3284004                    /usr/lib/x86_64-linux-gnu/libgobject-2.0.so.0.5800.3
7f769f48c000-7f769f493000 r--p 00000000 08:01 3283985                    /usr/lib/x86_64-linux-gnu/libfontconfig.so.1.12.0
7f769f493000-7f769f4b7000 r-xp 00007000 08:01 3283985                    /usr/lib/x86_64-linux-gnu/libfontconfig.so.1.12.0
7f769f4b7000-7f769f4cf000 r--p 0002b000 08:01 3283985                    /usr/lib/x86_64-linux-gnu/libfontconfig.so.1.12.0
7f769f4cf000-7f769f4d1000 r--p 00042000 08:01 3283985                    /usr/lib/x86_64-linux-gnu/libfontconfig.so.1.12.0
7f769f4d1000-7f769f4d2000 rw-p 00044000 08:01 3283985                    /usr/lib/x86_64-linux-gnu/libfontconfig.so.1.12.0
7f769f4d2000-7f769f4df000 r--p 00000000 08:01 3283972                    /usr/lib/x86_64-linux-gnu/libfreetype.so.6.16.1
7f769f4df000-7f769f55c000 r-xp 0000d000 08:01 3283972                    /usr/lib/x86_64-linux-gnu/libfreetype.so.6.16.1
7f769f55c000-7f769f585000 r--p 0008a000 08:01 3283972                    /usr/lib/x86_64-linux-gnu/libfreetype.so.6.16.1
7f769f585000-7f769f586000 ---p 000b3000 08:01 3283972                    /usr/lib/x86_64-linux-gnu/libfreetype.so.6.16.1
7f769f586000-7f769f58d000 r--p 000b3000 08:01 3283972                    /usr/lib/x86_64-linux-gnu/libfreetype.so.6.16.1
7f769f58d000-7f769f58e000 rw-p 000ba000 08:01 3283972                    /usr/lib/x86_64-linux-gnu/libfreetype.so.6.16.1
7f769f58e000-7f769f59b000 r--p 00000000 08:01 3286212                    /usr/lib/x86_64-linux-gnu/libpango-1.0.so.0.4200.3
7f769f59b000-7f769f5be000 r-xp 0000d000 08:01 3286212                    /usr/lib/x86_64-linux-gnu/libpango-1.0.so.0.4200.3
7f769f5be000-7f769f5d4000 r--p 00030000 08:01 3286212                    /usr/lib/x86_64-linux-gnu/libpango-1.0.so.0.4200.3
7f769f5d4000-7f769f5d5000 ---p 00046000 08:01 3286212                    /usr/lib/x86_64-linux-gnu/libpango-1.0.so.0.4200.3
7f769f5d5000-7f769f5d8000 r--p 00046000 08:01 3286212                    /usr/lib/x86_64-linux-gnu/libpango-1.0.so.0.4200.3
7f769f5d8000-7f769f5d9000 rw-p 00049000 08:01 3286212                    /usr/lib/x86_64-linux-gnu/libpango-1.0.so.0.4200.3
7f769f5d9000-7f769f5eb000 r--p 00000000 08:01 3286182                    /usr/lib/x86_64-linux-gnu/libcairo.so.2.11600.0
7f769f5eb000-7f769f6b7000 r-xp 00012000 08:01 3286182                    /usr/lib/x86_64-linux-gnu/libcairo.so.2.11600.0
7f769f6b7000-7f769f6f3000 r--p 000de000 08:01 3286182                    /usr/lib/x86_64-linux-gnu/libcairo.so.2.11600.0
7f769f6f3000-7f769f6f7000 r--p 00119000 08:01 3286182                    /usr/lib/x86_64-linux-gnu/libcairo.so.2.11600.0
7f769f6f7000-7f769f6f8000 rw-p 0011d000 08:01 3286182                    /usr/lib/x86_64-linux-gnu/libcairo.so.2.11600.0
7f769f6f8000-7f769f6f9000 rw-p 00000000 00:00 0 
7f769f6f9000-7f769f6ff000 r--p 00000000 08:01 3286164                    /usr/lib/x86_64-linux-gnu/libgdk_pixbuf-2.0.so.0.3800.1
7f769f6ff000-7f769f714000 r-xp 00006000 08:01 3286164                    /usr/lib/x86_64-linux-gnu/libgdk_pixbuf-2.0.so.0.3800.1
7f769f714000-7f769f71c000 r--p 0001b000 08:01 3286164                    /usr/lib/x86_64-linux-gnu/libgdk_pixbuf-2.0.so.0.3800.1
7f769f71c000-7f769f71d000 ---p 00023000 08:01 3286164                    /usr/lib/x86_64-linux-gnu/libgdk_pixbuf-2.0.so.0.3800.1
7f769f71d000-7f769f71e000 r--p 00023000 08:01 3286164                    /usr/lib/x86_64-linux-gnu/libgdk_pixbuf-2.0.so.0.3800.1
7f769f71e000-7f769f71f000 rw-p 00024000 08:01 3286164                    /usr/lib/x86_64-linux-gnu/libgdk_pixbuf-2.0.so.0.3800.1
7f769f71f000-7f769f726000 r--p 00000000 08:01 3286219                    /usr/lib/x86_64-linux-gnu/libpangoft2-1.0.so.0.4200.3
7f769f726000-7f769f731000 r-xp 00007000 08:01 3286219                    /usr/lib/x86_64-linux-gnu/libpangoft2-1.0.so.0.4200.3
7f769f731000-7f769f735000 r--p 00012000 08:01 3286219                    /usr/lib/x86_64-linux-gnu/libpangoft2-1.0.so.0.4200.3
7f769f735000-7f769f736000 ---p 00016000 08:01 3286219                    /usr/lib/x86_64-linux-gnu/libpangoft2-1.0.so.0.4200.3
7f769f736000-7f769f737000 r--p 00016000 08:01 3286219                    /usr/lib/x86_64-linux-gnu/libpangoft2-1.0.so.0.4200.3
7f769f737000-7f769f738000 rw-p 00017000 08:01 3286219                    /usr/lib/x86_64-linux-gnu/libpangoft2-1.0.so.0.4200.3
7f769f738000-7f769f76f000 r--p 00000000 08:01 3284001                    /usr/lib/x86_64-linux-gnu/libgio-2.0.so.0.5800.3
7f769f76f000-7f769f868000 r-xp 00037000 08:01 3284001                    /usr/lib/x86_64-linux-gnu/libgio-2.0.so.0.5800.3
7f769f868000-7f769f8ea000 r--p 00130000 08:01 3284001                    /usr/lib/x86_64-linux-gnu/libgio-2.0.so.0.5800.3
7f769f8ea000-7f769f8eb000 ---p 001b2000 08:01 3284001                    /usr/lib/x86_64-linux-gnu/libgio-2.0.so.0.5800.3
7f769f8eb000-7f769f8f3000 r--p 001b2000 08:01 3284001                    /usr/lib/x86_64-linux-gnu/libgio-2.0.so.0.5800.3
7f769f8f3000-7f769f8f4000 rw-p 001ba000 08:01 3284001                    /usr/lib/x86_64-linux-gnu/libgio-2.0.so.0.5800.3
7f769f8f4000-7f769f8f6000 rw-p 00000000 00:00 0 
7f769f8f6000-7f769f912000 r--p 00000000 08:01 3293711                    /usr/lib/x86_64-linux-gnu/libgdk-x11-2.0.so.0.2400.32
7f769f912000-7f769f96c000 r-xp 0001c000 08:01 3293711                    /usr/lib/x86_64-linux-gnu/libgdk-x11-2.0.so.0.2400.32
7f769f96c000-7f769f9a7000 r--p 00076000 08:01 3293711                    /usr/lib/x86_64-linux-gnu/libgdk-x11-2.0.so.0.2400.32
7f769f9a7000-7f769f9ab000 r--p 000b0000 08:01 3293711                    /usr/lib/x86_64-linux-gnu/libgdk-x11-2.0.so.0.2400.32
7f769f9ab000-7f769f9ad000 rw-p 000b4000 08:01 3293711                    /usr/lib/x86_64-linux-gnu/libgdk-x11-2.0.so.0.2400.32
7f769f9ad000-7f769fa11000 r--p 00000000 08:01 3293712                    /usr/lib/x86_64-linux-gnu/libgtk-x11-2.0.so.0.2400.32
7f769fa11000-7f769fc70000 r-xp 00064000 08:01 3293712                    /usr/lib/x86_64-linux-gnu/libgtk-x11-2.0.so.0.2400.32
7f769fc70000-7f769fde6000 r--p 002c3000 08:01 3293712                    /usr/lib/x86_64-linux-gnu/libgtk-x11-2.0.so.0.2400.32
7f769fde6000-7f769fded000 r--p 00438000 08:01 3293712                    /usr/lib/x86_64-linux-gnu/libgtk-x11-2.0.so.0.2400.32
7f769fded000-7f769fdf1000 rw-p 0043f000 08:01 3293712                    /usr/lib/x86_64-linux-gnu/libgtk-x11-2.0.so.0.2400.32
7f769fdf1000-7f769fdf4000 rw-p 00000000 00:00 0 
7f769fdf4000-7f769fe00000 r-xp 00000000 08:01 1185078                    /opt/jdk1.8.0_131/jre/lib/amd64/libprism_es2.so
7f769fe00000-7f769ffff000 ---p 0000c000 08:01 1185078                    /opt/jdk1.8.0_131/jre/lib/amd64/libprism_es2.so
7f769ffff000-7f76a0000000 rw-p 0000b000 08:01 1185078                    /opt/jdk1.8.0_131/jre/lib/amd64/libprism_es2.so
7f76a0000000-7f76a0396000 rw-p 00000000 00:00 0 
7f76a0396000-7f76a4000000 ---p 00000000 00:00 0 
7f76a4000000-7f76a4585000 rw-p 00000000 00:00 0 
7f76a4585000-7f76a8000000 ---p 00000000 00:00 0 
7f76a8000000-7f76a8021000 rw-p 00000000 00:00 0 
7f76a8021000-7f76ac000000 ---p 00000000 00:00 0 
7f76ac000000-7f76ac8f1000 rw-p 00000000 00:00 0 
7f76ac8f1000-7f76b0000000 ---p 00000000 00:00 0 
7f76b0000000-7f76b0021000 rw-p 00000000 00:00 0 
7f76b0021000-7f76b4000000 ---p 00000000 00:00 0 
7f76b4000000-7f76b4021000 rw-p 00000000 00:00 0 
7f76b4021000-7f76b8000000 ---p 00000000 00:00 0 
7f76b8000000-7f76b802f000 rw-p 00000000 00:00 0 
7f76b802f000-7f76bc000000 ---p 00000000 00:00 0 
7f76bc000000-7f76bc001000 r--s 00000000 08:01 3153597                    /var/cache/fontconfig/f3165bd8-3e77-49f8-9948-b102e037f85a-le64.cache-7
7f76bc001000-7f76bc002000 r--s 00000000 08:01 3153352                    /var/cache/fontconfig/d89055ec-051a-4527-9ff9-d82fafe3be73-le64.cache-7
7f76bc002000-7f76bc003000 r--p 00000000 08:01 3286178                    /usr/lib/x86_64-linux-gnu/libxcb-shm.so.0.0.0
7f76bc003000-7f76bc004000 r-xp 00001000 08:01 3286178                    /usr/lib/x86_64-linux-gnu/libxcb-shm.so.0.0.0
7f76bc004000-7f76bc005000 r--p 00002000 08:01 3286178                    /usr/lib/x86_64-linux-gnu/libxcb-shm.so.0.0.0
7f76bc005000-7f76bc006000 r--p 00002000 08:01 3286178                    /usr/lib/x86_64-linux-gnu/libxcb-shm.so.0.0.0
7f76bc006000-7f76bc007000 rw-p 00003000 08:01 3286178                    /usr/lib/x86_64-linux-gnu/libxcb-shm.so.0.0.0
7f76bc007000-7f76bc008000 r--p 00000000 08:01 3286748                    /usr/lib/x86_64-linux-gnu/libXinerama.so.1.0.0
7f76bc008000-7f76bc009000 r-xp 00001000 08:01 3286748                    /usr/lib/x86_64-linux-gnu/libXinerama.so.1.0.0
7f76bc009000-7f76bc00a000 r--p 00002000 08:01 3286748                    /usr/lib/x86_64-linux-gnu/libXinerama.so.1.0.0
7f76bc00a000-7f76bc00b000 r--p 00002000 08:01 3286748                    /usr/lib/x86_64-linux-gnu/libXinerama.so.1.0.0
7f76bc00b000-7f76bc00c000 rw-p 00003000 08:01 3286748                    /usr/lib/x86_64-linux-gnu/libXinerama.so.1.0.0
7f76bc00c000-7f76bc00d000 r--p 00000000 08:01 3286744                    /usr/lib/x86_64-linux-gnu/libXdamage.so.1.1.0
7f76bc00d000-7f76bc00e000 r-xp 00001000 08:01 3286744                    /usr/lib/x86_64-linux-gnu/libXdamage.so.1.1.0
7f76bc00e000-7f76bc00f000 r--p 00002000 08:01 3286744                    /usr/lib/x86_64-linux-gnu/libXdamage.so.1.1.0
7f76bc00f000-7f76bc010000 r--p 00002000 08:01 3286744                    /usr/lib/x86_64-linux-gnu/libXdamage.so.1.1.0
7f76bc010000-7f76bc011000 rw-p 00003000 08:01 3286744                    /usr/lib/x86_64-linux-gnu/libXdamage.so.1.1.0
7f76bc011000-7f76bc012000 r--p 00000000 08:01 3284005                    /usr/lib/x86_64-linux-gnu/libgthread-2.0.so.0.5800.3
7f76bc012000-7f76bc013000 r-xp 00001000 08:01 3284005                    /usr/lib/x86_64-linux-gnu/libgthread-2.0.so.0.5800.3
7f76bc013000-7f76bc014000 r--p 00002000 08:01 3284005                    /usr/lib/x86_64-linux-gnu/libgthread-2.0.so.0.5800.3
7f76bc014000-7f76bc015000 r--p 00002000 08:01 3284005                    /usr/lib/x86_64-linux-gnu/libgthread-2.0.so.0.5800.3
7f76bc015000-7f76bc016000 rw-p 00003000 08:01 3284005                    /usr/lib/x86_64-linux-gnu/libgthread-2.0.so.0.5800.3
7f76bc016000-7f76bc019000 ---p 00000000 00:00 0 
7f76bc019000-7f76bc117000 rw-p 00000000 00:00 0 
7f76bc117000-7f76bc118000 ---p 00000000 00:00 0 
7f76bc118000-7f76bc218000 rw-p 00000000 00:00 0 
7f76bc218000-7f76bc21b000 ---p 00000000 00:00 0 
7f76bc21b000-7f76bc319000 rw-p 00000000 00:00 0 
7f76bc319000-7f76bc31a000 ---p 00000000 00:00 0 
7f76bc31a000-7f76bc31d000 ---p 00000000 00:00 0 
7f76bc31d000-7f76bc41a000 rw-p 00000000 00:00 0 
7f76bc41a000-7f76bc41b000 ---p 00000000 00:00 0 
7f76bc41b000-7f76bc41e000 ---p 00000000 00:00 0 
7f76bc41e000-7f76bc51b000 rw-p 00000000 00:00 0 
7f76bc51b000-7f76bc800000 r--p 00000000 08:01 3277247                    /usr/lib/locale/locale-archive
7f76bc800000-7f76bd000000 rw-p 00000000 00:00 0 
7f76bd000000-7f76bd5a0000 rwxp 00000000 00:00 0 
7f76bd5a0000-7f76cc000000 ---p 00000000 00:00 0 
7f76cc000000-7f76cc43b000 rw-p 00000000 00:00 0 
7f76cc43b000-7f76d0000000 ---p 00000000 00:00 0 
7f76d0000000-7f76d0001000 r--p 00000000 08:01 3284003                    /usr/lib/x86_64-linux-gnu/libgmodule-2.0.so.0.5800.3
7f76d0001000-7f76d0003000 r-xp 00001000 08:01 3284003                    /usr/lib/x86_64-linux-gnu/libgmodule-2.0.so.0.5800.3
7f76d0003000-7f76d0004000 r--p 00003000 08:01 3284003                    /usr/lib/x86_64-linux-gnu/libgmodule-2.0.so.0.5800.3
7f76d0004000-7f76d0005000 r--p 00003000 08:01 3284003                    /usr/lib/x86_64-linux-gnu/libgmodule-2.0.so.0.5800.3
7f76d0005000-7f76d0006000 rw-p 00004000 08:01 3284003                    /usr/lib/x86_64-linux-gnu/libgmodule-2.0.so.0.5800.3
7f76d0006000-7f76d000b000 r--p 00000000 08:01 3286221                    /usr/lib/x86_64-linux-gnu/libpangocairo-1.0.so.0.4200.3
7f76d000b000-7f76d0011000 r-xp 00005000 08:01 3286221                    /usr/lib/x86_64-linux-gnu/libpangocairo-1.0.so.0.4200.3
7f76d0011000-7f76d0014000 r--p 0000b000 08:01 3286221                    /usr/lib/x86_64-linux-gnu/libpangocairo-1.0.so.0.4200.3
7f76d0014000-7f76d0015000 r--p 0000d000 08:01 3286221                    /usr/lib/x86_64-linux-gnu/libpangocairo-1.0.so.0.4200.3
7f76d0015000-7f76d0016000 rw-p 0000e000 08:01 3286221                    /usr/lib/x86_64-linux-gnu/libpangocairo-1.0.so.0.4200.3
7f76d0016000-7f76d0021000 r--p 00000000 08:01 3286529                    /usr/lib/x86_64-linux-gnu/libatk-1.0.so.0.23009.1
7f76d0021000-7f76d002f000 r-xp 0000b000 08:01 3286529                    /usr/lib/x86_64-linux-gnu/libatk-1.0.so.0.23009.1
7f76d002f000-7f76d003a000 r--p 00019000 08:01 3286529                    /usr/lib/x86_64-linux-gnu/libatk-1.0.so.0.23009.1
7f76d003a000-7f76d003b000 ---p 00024000 08:01 3286529                    /usr/lib/x86_64-linux-gnu/libatk-1.0.so.0.23009.1
7f76d003b000-7f76d003e000 r--p 00024000 08:01 3286529                    /usr/lib/x86_64-linux-gnu/libatk-1.0.so.0.23009.1
7f76d003e000-7f76d003f000 rw-p 00027000 08:01 3286529                    /usr/lib/x86_64-linux-gnu/libatk-1.0.so.0.23009.1
7f76d003f000-7f76d004e000 r--p 00000000 08:01 3293598                    /usr/share/locale/fr/LC_MESSAGES/gtk20.mo
7f76d004e000-7f76d004f000 rwxp 00000000 00:00 0 
7f76d004f000-7f76d0056000 r--s 00000000 08:01 3279826                    /usr/lib/x86_64-linux-gnu/gconv/gconv-modules.cache
7f76d0056000-7f76d00ec000 r--s 0110d000 08:01 1184922                    /opt/jdk1.8.0_131/jre/lib/ext/jfxrt.jar
7f76d00ec000-7f76d00ee000 r--s 00004000 08:01 2491534                    /home/developpeur/NetBeansProjects/GSB-RV-DR/dist/run548345421/GSB-RV-DR.jar
7f76d00ee000-7f76d00f1000 ---p 00000000 00:00 0 
7f76d00f1000-7f76d01ef000 rw-p 00000000 00:00 0 
7f76d01ef000-7f76d01f2000 ---p 00000000 00:00 0 
7f76d01f2000-7f76d02f0000 rw-p 00000000 00:00 0 
7f76d02f0000-7f76d02f3000 ---p 00000000 00:00 0 
7f76d02f3000-7f76d03f1000 rw-p 00000000 00:00 0 
7f76d03f1000-7f76d03f2000 ---p 00000000 00:00 0 
7f76d03f2000-7f76d0541000 rw-p 00000000 00:00 0 
7f76d0541000-7f76d071a000 r--s 03d40000 08:01 1184865                    /opt/jdk1.8.0_131/jre/lib/rt.jar
7f76d071a000-7f76d07f6000 rw-p 00000000 00:00 0 
7f76d07f6000-7f76d0890000 ---p 00000000 00:00 0 
7f76d0890000-7f76d0896000 rw-p 00000000 00:00 0 
7f76d0896000-7f76d08e2000 ---p 00000000 00:00 0 
7f76d08e2000-7f76d08ed000 rw-p 00000000 00:00 0 
7f76d08ed000-7f76d0987000 ---p 00000000 00:00 0 
7f76d0987000-7f76d099f000 rw-p 00000000 00:00 0 
7f76d099f000-7f76d0d48000 ---p 00000000 00:00 0 
7f76d0d48000-7f76d0d62000 r-xp 00000000 08:01 1185070                    /opt/jdk1.8.0_131/jre/lib/amd64/libzip.so
7f76d0d62000-7f76d0f62000 ---p 0001a000 08:01 1185070                    /opt/jdk1.8.0_131/jre/lib/amd64/libzip.so
7f76d0f62000-7f76d0f63000 rw-p 0001a000 08:01 1185070                    /opt/jdk1.8.0_131/jre/lib/amd64/libzip.so
7f76d0f63000-7f76d0f6b000 rw-s 00000000 08:01 918200                     /tmp/hsperfdata_developpeur/2072
7f76d0f6b000-7f76d0f96000 r-xp 00000000 08:01 1185064                    /opt/jdk1.8.0_131/jre/lib/amd64/libjava.so
7f76d0f96000-7f76d1195000 ---p 0002b000 08:01 1185064                    /opt/jdk1.8.0_131/jre/lib/amd64/libjava.so
7f76d1195000-7f76d1197000 rw-p 0002a000 08:01 1185064                    /opt/jdk1.8.0_131/jre/lib/amd64/libjava.so
7f76d1197000-7f76d11a4000 r-xp 00000000 08:01 1185069                    /opt/jdk1.8.0_131/jre/lib/amd64/libverify.so
7f76d11a4000-7f76d13a3000 ---p 0000d000 08:01 1185069                    /opt/jdk1.8.0_131/jre/lib/amd64/libverify.so
7f76d13a3000-7f76d13a5000 rw-p 0000c000 08:01 1185069                    /opt/jdk1.8.0_131/jre/lib/amd64/libverify.so
7f76d13a5000-7f76d13a7000 r--p 00000000 08:01 3277499                    /usr/lib/x86_64-linux-gnu/librt-2.28.so
7f76d13a7000-7f76d13ab000 r-xp 00002000 08:01 3277499                    /usr/lib/x86_64-linux-gnu/librt-2.28.so
7f76d13ab000-7f76d13ad000 r--p 00006000 08:01 3277499                    /usr/lib/x86_64-linux-gnu/librt-2.28.so
7f76d13ad000-7f76d13ae000 r--p 00007000 08:01 3277499                    /usr/lib/x86_64-linux-gnu/librt-2.28.so
7f76d13ae000-7f76d13af000 rw-p 00008000 08:01 3277499                    /usr/lib/x86_64-linux-gnu/librt-2.28.so
7f76d13af000-7f76d13b0000 ---p 00000000 00:00 0 
7f76d13b0000-7f76d13b3000 ---p 00000000 00:00 0 
7f76d13b3000-7f76d14b0000 rw-p 00000000 00:00 0 
7f76d14b0000-7f76d14bd000 r--p 00000000 08:01 3277482                    /usr/lib/x86_64-linux-gnu/libm-2.28.so
7f76d14bd000-7f76d155c000 r-xp 0000d000 08:01 3277482                    /usr/lib/x86_64-linux-gnu/libm-2.28.so
7f76d155c000-7f76d1631000 r--p 000ac000 08:01 3277482                    /usr/lib/x86_64-linux-gnu/libm-2.28.so
7f76d1631000-7f76d1632000 r--p 00180000 08:01 3277482                    /usr/lib/x86_64-linux-gnu/libm-2.28.so
7f76d1632000-7f76d1633000 rw-p 00181000 08:01 3277482                    /usr/lib/x86_64-linux-gnu/libm-2.28.so
7f76d1633000-7f76d2302000 r-xp 00000000 08:01 1185047                    /opt/jdk1.8.0_131/jre/lib/amd64/server/libjvm.so
7f76d2302000-7f76d2502000 ---p 00ccf000 08:01 1185047                    /opt/jdk1.8.0_131/jre/lib/amd64/server/libjvm.so
7f76d2502000-7f76d25db000 rw-p 00ccf000 08:01 1185047                    /opt/jdk1.8.0_131/jre/lib/amd64/server/libjvm.so
7f76d25db000-7f76d2628000 rw-p 00000000 00:00 0 
7f76d2628000-7f76d264a000 r--p 00000000 08:01 3277479                    /usr/lib/x86_64-linux-gnu/libc-2.28.so
7f76d264a000-7f76d2792000 r-xp 00022000 08:01 3277479                    /usr/lib/x86_64-linux-gnu/libc-2.28.so
7f76d2792000-7f76d27de000 r--p 0016a000 08:01 3277479                    /usr/lib/x86_64-linux-gnu/libc-2.28.so
7f76d27de000-7f76d27df000 ---p 001b6000 08:01 3277479                    /usr/lib/x86_64-linux-gnu/libc-2.28.so
7f76d27df000-7f76d27e3000 r--p 001b6000 08:01 3277479                    /usr/lib/x86_64-linux-gnu/libc-2.28.so
7f76d27e3000-7f76d27e5000 rw-p 001ba000 08:01 3277479                    /usr/lib/x86_64-linux-gnu/libc-2.28.so
7f76d27e5000-7f76d27e9000 rw-p 00000000 00:00 0 
7f76d27e9000-7f76d27ea000 r--p 00000000 08:01 3277481                    /usr/lib/x86_64-linux-gnu/libdl-2.28.so
7f76d27ea000-7f76d27eb000 r-xp 00001000 08:01 3277481                    /usr/lib/x86_64-linux-gnu/libdl-2.28.so
7f76d27eb000-7f76d27ec000 r--p 00002000 08:01 3277481                    /usr/lib/x86_64-linux-gnu/libdl-2.28.so
7f76d27ec000-7f76d27ed000 r--p 00002000 08:01 3277481                    /usr/lib/x86_64-linux-gnu/libdl-2.28.so
7f76d27ed000-7f76d27ee000 rw-p 00003000 08:01 3277481                    /usr/lib/x86_64-linux-gnu/libdl-2.28.so
7f76d27ee000-7f76d2803000 r-xp 00000000 08:01 1185042                    /opt/jdk1.8.0_131/jre/lib/amd64/jli/libjli.so
7f76d2803000-7f76d2a03000 ---p 00015000 08:01 1185042                    /opt/jdk1.8.0_131/jre/lib/amd64/jli/libjli.so
7f76d2a03000-7f76d2a04000 rw-p 00015000 08:01 1185042                    /opt/jdk1.8.0_131/jre/lib/amd64/jli/libjli.so
7f76d2a04000-7f76d2a0a000 r--p 00000000 08:01 3277497                    /usr/lib/x86_64-linux-gnu/libpthread-2.28.so
7f76d2a0a000-7f76d2a19000 r-xp 00006000 08:01 3277497                    /usr/lib/x86_64-linux-gnu/libpthread-2.28.so
7f76d2a19000-7f76d2a1f000 r--p 00015000 08:01 3277497                    /usr/lib/x86_64-linux-gnu/libpthread-2.28.so
7f76d2a1f000-7f76d2a20000 r--p 0001a000 08:01 3277497                    /usr/lib/x86_64-linux-gnu/libpthread-2.28.so
7f76d2a20000-7f76d2a21000 rw-p 0001b000 08:01 3277497                    /usr/lib/x86_64-linux-gnu/libpthread-2.28.so
7f76d2a21000-7f76d2a25000 rw-p 00000000 00:00 0 
7f76d2a25000-7f76d2a28000 r--p 00000000 08:01 3277491                    /usr/lib/x86_64-linux-gnu/libnss_files-2.28.so
7f76d2a28000-7f76d2a2f000 r-xp 00003000 08:01 3277491                    /usr/lib/x86_64-linux-gnu/libnss_files-2.28.so
7f76d2a2f000-7f76d2a31000 r--p 0000a000 08:01 3277491                    /usr/lib/x86_64-linux-gnu/libnss_files-2.28.so
7f76d2a31000-7f76d2a32000 ---p 0000c000 08:01 3277491                    /usr/lib/x86_64-linux-gnu/libnss_files-2.28.so
7f76d2a32000-7f76d2a33000 r--p 0000c000 08:01 3277491                    /usr/lib/x86_64-linux-gnu/libnss_files-2.28.so
7f76d2a33000-7f76d2a34000 rw-p 0000d000 08:01 3277491                    /usr/lib/x86_64-linux-gnu/libnss_files-2.28.so
7f76d2a34000-7f76d2a3b000 rw-p 00000000 00:00 0 
7f76d2a3b000-7f76d2a3c000 r--p 00000000 00:00 0 
7f76d2a3c000-7f76d2a3e000 rw-p 00000000 00:00 0 
7f76d2a3e000-7f76d2a3f000 r--p 00000000 08:01 3276816                    /usr/lib/x86_64-linux-gnu/ld-2.28.so
7f76d2a3f000-7f76d2a5d000 r-xp 00001000 08:01 3276816                    /usr/lib/x86_64-linux-gnu/ld-2.28.so
7f76d2a5d000-7f76d2a65000 r--p 0001f000 08:01 3276816                    /usr/lib/x86_64-linux-gnu/ld-2.28.so
7f76d2a65000-7f76d2a66000 r--p 00026000 08:01 3276816                    /usr/lib/x86_64-linux-gnu/ld-2.28.so
7f76d2a66000-7f76d2a67000 rw-p 00027000 08:01 3276816                    /usr/lib/x86_64-linux-gnu/ld-2.28.so
7f76d2a67000-7f76d2a68000 rw-p 00000000 00:00 0 
7ffd32eaa000-7ffd32ecb000 rw-p 00000000 00:00 0                          [stack]
7ffd32f33000-7ffd32f36000 r--p 00000000 00:00 0                          [vvar]
7ffd32f36000-7ffd32f38000 r-xp 00000000 00:00 0                          [vdso]

VM Arguments:
jvm_args: -Dfile.encoding=UTF-8 
java_command: /home/developpeur/NetBeansProjects/GSB-RV-DR/dist/run548345421/GSB-RV-DR.jar
java_class_path (initial): /home/developpeur/NetBeansProjects/GSB-RV-DR/dist/run548345421/GSB-RV-DR.jar
Launcher Type: SUN_STANDARD

Environment Variables:
PATH=/usr/local/bin:/usr/bin:/bin:/usr/local/games:/usr/games
LD_LIBRARY_PATH=/opt/jdk1.8.0_131/jre/lib/amd64:/opt/jdk1.8.0_131/jre/lib/i386:
SHELL=/bin/bash
DISPLAY=:0

Signal Handlers:
SIGSEGV: [libjvm.so+0xac8af0], sa_mask[0]=11111111011111111101111111111110, sa_flags=SA_RESTART|SA_SIGINFO
SIGBUS: [libjvm.so+0xac8af0], sa_mask[0]=11111111011111111101111111111110, sa_flags=SA_RESTART|SA_SIGINFO
SIGFPE: [libjvm.so+0x921dd0], sa_mask[0]=11111111011111111101111111111110, sa_flags=SA_RESTART|SA_SIGINFO
SIGPIPE: SIG_IGN, sa_mask[0]=00000000000010000000000000000000, sa_flags=SA_RESTART
SIGXFSZ: [libjvm.so+0x921dd0], sa_mask[0]=11111111011111111101111111111110, sa_flags=SA_RESTART|SA_SIGINFO
SIGILL: [libjvm.so+0x921dd0], sa_mask[0]=11111111011111111101111111111110, sa_flags=SA_RESTART|SA_SIGINFO
SIGUSR1: SIG_DFL, sa_mask[0]=00000000000000000000000000000000, sa_flags=none
SIGUSR2: [libjvm.so+0x923610], sa_mask[0]=00100000000000000000000000000000, sa_flags=SA_RESTART|SA_SIGINFO
SIGHUP: [libjvm.so+0x924a10], sa_mask[0]=11111111011111111101111111111110, sa_flags=SA_RESTART|SA_SIGINFO
SIGINT: SIG_IGN, sa_mask[0]=00000000000000000000000000000000, sa_flags=none
SIGTERM: [libjvm.so+0x924a10], sa_mask[0]=11111111011111111101111111111110, sa_flags=SA_RESTART|SA_SIGINFO
SIGQUIT: [libjvm.so+0x924a10], sa_mask[0]=11111111011111111101111111111110, sa_flags=SA_RESTART|SA_SIGINFO


---------------  S Y S T E M  ---------------

OS:PRETTY_NAME="Debian GNU/Linux 10 (buster)"
NAME="Debian GNU/Linux"
VERSION_ID="10"
VERSION="10 (buster)"
VERSION_CODENAME=buster
ID=debian
HOME_URL="https://www.debian.org/"
SUPPORT_URL="https://www.debian.org/support"
BUG_REPORT_URL="https://bugs.debian.org/"

uname:Linux 4.19.0-10-amd64 #1 SMP Debian 4.19.132-1 (2020-07-24) x86_64
libc:glibc 2.28 NPTL 2.28 
rlimit: STACK 8192k, CORE 0k, NPROC 7728, NOFILE 1048576, AS infinity
load average:2,32 1,05 0,42

/proc/meminfo:
MemTotal:        2018196 kB
MemFree:           84484 kB
MemAvailable:     390664 kB
Buffers:           37800 kB
Cached:           439436 kB
SwapCached:         1076 kB
Active:          1219768 kB
Inactive:         521212 kB
Active(anon):    1029492 kB
Inactive(anon):   295644 kB
Active(file):     190276 kB
Inactive(file):   225568 kB
Unevictable:          32 kB
Mlocked:              32 kB
SwapTotal:       2094076 kB
SwapFree:        2089712 kB
Dirty:              1584 kB
Writeback:             0 kB
AnonPages:       1239696 kB
Mapped:           265332 kB
Shmem:             61372 kB
Slab:              95704 kB
SReclaimable:      43480 kB
SUnreclaim:        52224 kB
KernelStack:        9456 kB
PageTables:        12964 kB
NFS_Unstable:          0 kB
Bounce:                0 kB
WritebackTmp:          0 kB
CommitLimit:     3103172 kB
Committed_AS:    3902340 kB
VmallocTotal:   34359738367 kB
VmallocUsed:           0 kB
VmallocChunk:          0 kB
Percpu:            43008 kB
HardwareCorrupted:     0 kB
AnonHugePages:    667648 kB
ShmemHugePages:        0 kB
ShmemPmdMapped:        0 kB
HugePages_Total:       0
HugePages_Free:        0
HugePages_Rsvd:        0
HugePages_Surp:        0
Hugepagesize:       2048 kB
Hugetlb:               0 kB
DirectMap4k:      124800 kB
DirectMap2M:     1972224 kB
DirectMap1G:           0 kB


CPU:total 1 (initial active 1) (1 cores per cpu, 1 threads per core) family 6 model 94 stepping 3, cmov, cx8, fxsr, mmx, sse, sse2, sse3, ssse3, sse4.1, sse4.2, popcnt, avx, avx2, aes, clmul, erms, rtm, 3dnowpref, lzcnt, tsc, tscinvbit, bmi1, bmi2, adx

/proc/cpuinfo:
processor	: 0
vendor_id	: GenuineIntel
cpu family	: 6
model		: 94
model name	: Intel(R) Core(TM) i7-6700HQ CPU @ 2.60GHz
stepping	: 3
microcode	: 0xcc
cpu MHz		: 2592.002
cache size	: 6144 KB
physical id	: 0
siblings	: 1
core id		: 0
cpu cores	: 1
apicid		: 0
initial apicid	: 0
fpu		: yes
fpu_exception	: yes
cpuid level	: 22
wp		: yes
flags		: fpu vme de pse tsc msr pae mce cx8 apic sep mtrr pge mca cmov pat pse36 clflush mmx fxsr sse sse2 ss syscall nx pdpe1gb rdtscp lm constant_tsc arch_perfmon nopl xtopology tsc_reliable nonstop_tsc cpuid pni pclmulqdq ssse3 fma cx16 pcid sse4_1 sse4_2 x2apic movbe popcnt tsc_deadline_timer aes xsave avx f16c rdrand hypervisor lahf_lm abm 3dnowprefetch cpuid_fault invpcid_single pti ssbd ibrs ibpb stibp fsgsbase tsc_adjust bmi1 hle avx2 smep bmi2 invpcid rtm mpx rdseed adx smap clflushopt xsaveopt xsavec xsaves arat md_clear flush_l1d arch_capabilities
bugs		: cpu_meltdown spectre_v1 spectre_v2 spec_store_bypass l1tf mds swapgs taa itlb_multihit srbds
bogomips	: 5184.00
clflush size	: 64
cache_alignment	: 64
address sizes	: 43 bits physical, 48 bits virtual
power management:



Memory: 4k page, physical 2018196k(84484k free), swap 2094076k(2089712k free)

vm_info: Java HotSpot(TM) 64-Bit Server VM (25.131-b11) for linux-amd64 JRE (1.8.0_131-b11), built on Mar 15 2017 01:23:40 by "java_re" with gcc 4.3.0 20080428 (Red Hat 4.3.0-8)

time: Tue Dec  8 22:41:45 2020
elapsed time: 29 seconds (0d 0h 0m 29s)

